

Started GET "/" for 127.0.0.1 at 2014-09-03 10:56:14 -0700
  [1m[36mActiveRecord::SchemaMigration Load (0.2ms)[0m  [1mSELECT "schema_migrations".* FROM "schema_migrations"[0m
Processing by ApplicationController#index as HTML
  Rendered application/index.html.erb within layouts/application (0.8ms)
Completed 200 OK in 139ms (Views: 132.3ms | ActiveRecord: 0.0ms)


Started GET "/" for 127.0.0.1 at 2014-09-03 10:56:15 -0700
Processing by ApplicationController#index as HTML
  Rendered application/index.html.erb within layouts/application (0.0ms)
Completed 200 OK in 65ms (Views: 64.5ms | ActiveRecord: 0.0ms)


Started GET "/users/new" for 127.0.0.1 at 2014-09-03 10:56:17 -0700

ActionController::RoutingError (No route matches [GET] "/users/new"):
  actionpack (4.1.5) lib/action_dispatch/middleware/debug_exceptions.rb:21:in `call'
  actionpack (4.1.5) lib/action_dispatch/middleware/show_exceptions.rb:30:in `call'
  railties (4.1.5) lib/rails/rack/logger.rb:38:in `call_app'
  railties (4.1.5) lib/rails/rack/logger.rb:20:in `block in call'
  activesupport (4.1.5) lib/active_support/tagged_logging.rb:68:in `block in tagged'
  activesupport (4.1.5) lib/active_support/tagged_logging.rb:26:in `tagged'
  activesupport (4.1.5) lib/active_support/tagged_logging.rb:68:in `tagged'
  railties (4.1.5) lib/rails/rack/logger.rb:20:in `call'
  quiet_assets (1.0.3) lib/quiet_assets.rb:23:in `call_with_quiet_assets'
  actionpack (4.1.5) lib/action_dispatch/middleware/request_id.rb:21:in `call'
  rack (1.5.2) lib/rack/methodoverride.rb:21:in `call'
  rack (1.5.2) lib/rack/runtime.rb:17:in `call'
  activesupport (4.1.5) lib/active_support/cache/strategy/local_cache_middleware.rb:26:in `call'
  rack (1.5.2) lib/rack/lock.rb:17:in `call'
  actionpack (4.1.5) lib/action_dispatch/middleware/static.rb:64:in `call'
  rack (1.5.2) lib/rack/sendfile.rb:112:in `call'
  railties (4.1.5) lib/rails/engine.rb:514:in `call'
  railties (4.1.5) lib/rails/application.rb:144:in `call'
  rack (1.5.2) lib/rack/lock.rb:17:in `call'
  rack (1.5.2) lib/rack/content_length.rb:14:in `call'
  rack (1.5.2) lib/rack/handler/webrick.rb:60:in `service'
  /Users/epicodus/.rubies/ruby-2.1.0/lib/ruby/2.1.0/webrick/httpserver.rb:138:in `service'
  /Users/epicodus/.rubies/ruby-2.1.0/lib/ruby/2.1.0/webrick/httpserver.rb:94:in `run'
  /Users/epicodus/.rubies/ruby-2.1.0/lib/ruby/2.1.0/webrick/server.rb:295:in `block in start_thread'


  Rendered /Users/epicodus/.gem/ruby/2.1.0/gems/actionpack-4.1.5/lib/action_dispatch/middleware/templates/rescues/_trace.html.erb (0.6ms)
  Rendered /Users/epicodus/.gem/ruby/2.1.0/gems/actionpack-4.1.5/lib/action_dispatch/middleware/templates/routes/_route.html.erb (0.8ms)
  Rendered /Users/epicodus/.gem/ruby/2.1.0/gems/actionpack-4.1.5/lib/action_dispatch/middleware/templates/routes/_table.html.erb (11.5ms)
  Rendered /Users/epicodus/.gem/ruby/2.1.0/gems/actionpack-4.1.5/lib/action_dispatch/middleware/templates/rescues/routing_error.html.erb within rescues/layout (23.5ms)


Started GET "/user/new" for 127.0.0.1 at 2014-09-03 10:56:21 -0700

ActionController::RoutingError - uninitialized constant UserController:
  actionpack (4.1.5) lib/action_dispatch/routing/route_set.rb:71:in `rescue in controller'
  actionpack (4.1.5) lib/action_dispatch/routing/route_set.rb:66:in `controller'
  actionpack (4.1.5) lib/action_dispatch/routing/route_set.rb:46:in `call'
  actionpack (4.1.5) lib/action_dispatch/journey/router.rb:71:in `block in call'
  actionpack (4.1.5) lib/action_dispatch/journey/router.rb:59:in `call'
  actionpack (4.1.5) lib/action_dispatch/routing/route_set.rb:678:in `call'
  rack (1.5.2) lib/rack/etag.rb:23:in `call'
  rack (1.5.2) lib/rack/conditionalget.rb:25:in `call'
  rack (1.5.2) lib/rack/head.rb:11:in `call'
  actionpack (4.1.5) lib/action_dispatch/middleware/params_parser.rb:27:in `call'
  actionpack (4.1.5) lib/action_dispatch/middleware/flash.rb:254:in `call'
  rack (1.5.2) lib/rack/session/abstract/id.rb:225:in `context'
  rack (1.5.2) lib/rack/session/abstract/id.rb:220:in `call'
  actionpack (4.1.5) lib/action_dispatch/middleware/cookies.rb:560:in `call'
  activerecord (4.1.5) lib/active_record/query_cache.rb:36:in `call'
  activerecord (4.1.5) lib/active_record/connection_adapters/abstract/connection_pool.rb:621:in `call'
  activerecord (4.1.5) lib/active_record/migration.rb:380:in `call'
  actionpack (4.1.5) lib/action_dispatch/middleware/callbacks.rb:29:in `block in call'
  activesupport (4.1.5) lib/active_support/callbacks.rb:82:in `run_callbacks'
  actionpack (4.1.5) lib/action_dispatch/middleware/callbacks.rb:27:in `call'
  actionpack (4.1.5) lib/action_dispatch/middleware/reloader.rb:73:in `call'
  actionpack (4.1.5) lib/action_dispatch/middleware/remote_ip.rb:76:in `call'
  better_errors (2.0.0) lib/better_errors/middleware.rb:84:in `protected_app_call'
  better_errors (2.0.0) lib/better_errors/middleware.rb:79:in `better_errors_call'
  better_errors (2.0.0) lib/better_errors/middleware.rb:57:in `call'
  actionpack (4.1.5) lib/action_dispatch/middleware/debug_exceptions.rb:17:in `call'
  actionpack (4.1.5) lib/action_dispatch/middleware/show_exceptions.rb:30:in `call'
  railties (4.1.5) lib/rails/rack/logger.rb:38:in `call_app'
  railties (4.1.5) lib/rails/rack/logger.rb:20:in `block in call'
  activesupport (4.1.5) lib/active_support/tagged_logging.rb:68:in `block in tagged'
  activesupport (4.1.5) lib/active_support/tagged_logging.rb:26:in `tagged'
  activesupport (4.1.5) lib/active_support/tagged_logging.rb:68:in `tagged'
  railties (4.1.5) lib/rails/rack/logger.rb:20:in `call'
  quiet_assets (1.0.3) lib/quiet_assets.rb:23:in `call_with_quiet_assets'
  actionpack (4.1.5) lib/action_dispatch/middleware/request_id.rb:21:in `call'
  rack (1.5.2) lib/rack/methodoverride.rb:21:in `call'
  rack (1.5.2) lib/rack/runtime.rb:17:in `call'
  activesupport (4.1.5) lib/active_support/cache/strategy/local_cache_middleware.rb:26:in `call'
  rack (1.5.2) lib/rack/lock.rb:17:in `call'
  actionpack (4.1.5) lib/action_dispatch/middleware/static.rb:64:in `call'
  rack (1.5.2) lib/rack/sendfile.rb:112:in `call'
  railties (4.1.5) lib/rails/engine.rb:514:in `call'
  railties (4.1.5) lib/rails/application.rb:144:in `call'
  rack (1.5.2) lib/rack/lock.rb:17:in `call'
  rack (1.5.2) lib/rack/content_length.rb:14:in `call'
  rack (1.5.2) lib/rack/handler/webrick.rb:60:in `service'
   () Users/epicodus/.rubies/ruby-2.1.0/lib/ruby/2.1.0/webrick/httpserver.rb:138:in `service'
   () Users/epicodus/.rubies/ruby-2.1.0/lib/ruby/2.1.0/webrick/httpserver.rb:94:in `run'
   () Users/epicodus/.rubies/ruby-2.1.0/lib/ruby/2.1.0/webrick/server.rb:295:in `block in start_thread'



Started POST "/__better_errors/9e55cbd3bf4e8f0c/variables" for 127.0.0.1 at 2014-09-03 10:56:21 -0700


Started GET "/" for 127.0.0.1 at 2014-09-03 10:58:13 -0700
  [1m[36mActiveRecord::SchemaMigration Load (0.2ms)[0m  [1mSELECT "schema_migrations".* FROM "schema_migrations"[0m
Processing by ApplicationController#index as HTML
  Rendered application/index.html.erb within layouts/application (0.7ms)
Completed 200 OK in 148ms (Views: 141.4ms | ActiveRecord: 0.0ms)


Started GET "/" for 127.0.0.1 at 2014-09-03 10:58:14 -0700
Processing by ApplicationController#index as HTML
  Rendered application/index.html.erb within layouts/application (0.0ms)
Completed 200 OK in 54ms (Views: 53.6ms | ActiveRecord: 0.0ms)


Started GET "/user" for 127.0.0.1 at 2014-09-03 10:58:26 -0700

ActionController::RoutingError (uninitialized constant UserController):
  activesupport (4.1.5) lib/active_support/inflector/methods.rb:238:in `const_get'
  activesupport (4.1.5) lib/active_support/inflector/methods.rb:238:in `block in constantize'
  activesupport (4.1.5) lib/active_support/inflector/methods.rb:236:in `each'
  activesupport (4.1.5) lib/active_support/inflector/methods.rb:236:in `inject'
  activesupport (4.1.5) lib/active_support/inflector/methods.rb:236:in `constantize'
  actionpack (4.1.5) lib/action_dispatch/routing/route_set.rb:78:in `controller_reference'
  actionpack (4.1.5) lib/action_dispatch/routing/route_set.rb:68:in `controller'
  actionpack (4.1.5) lib/action_dispatch/routing/route_set.rb:46:in `call'
  actionpack (4.1.5) lib/action_dispatch/journey/router.rb:71:in `block in call'
  actionpack (4.1.5) lib/action_dispatch/journey/router.rb:59:in `each'
  actionpack (4.1.5) lib/action_dispatch/journey/router.rb:59:in `call'
  actionpack (4.1.5) lib/action_dispatch/routing/route_set.rb:678:in `call'
  rack (1.5.2) lib/rack/etag.rb:23:in `call'
  rack (1.5.2) lib/rack/conditionalget.rb:25:in `call'
  rack (1.5.2) lib/rack/head.rb:11:in `call'
  actionpack (4.1.5) lib/action_dispatch/middleware/params_parser.rb:27:in `call'
  actionpack (4.1.5) lib/action_dispatch/middleware/flash.rb:254:in `call'
  rack (1.5.2) lib/rack/session/abstract/id.rb:225:in `context'
  rack (1.5.2) lib/rack/session/abstract/id.rb:220:in `call'
  actionpack (4.1.5) lib/action_dispatch/middleware/cookies.rb:560:in `call'
  activerecord (4.1.5) lib/active_record/query_cache.rb:36:in `call'
  activerecord (4.1.5) lib/active_record/connection_adapters/abstract/connection_pool.rb:621:in `call'
  activerecord (4.1.5) lib/active_record/migration.rb:380:in `call'
  actionpack (4.1.5) lib/action_dispatch/middleware/callbacks.rb:29:in `block in call'
  activesupport (4.1.5) lib/active_support/callbacks.rb:82:in `run_callbacks'
  actionpack (4.1.5) lib/action_dispatch/middleware/callbacks.rb:27:in `call'
  actionpack (4.1.5) lib/action_dispatch/middleware/reloader.rb:73:in `call'
  actionpack (4.1.5) lib/action_dispatch/middleware/remote_ip.rb:76:in `call'
  actionpack (4.1.5) lib/action_dispatch/middleware/debug_exceptions.rb:17:in `call'
  actionpack (4.1.5) lib/action_dispatch/middleware/show_exceptions.rb:30:in `call'
  railties (4.1.5) lib/rails/rack/logger.rb:38:in `call_app'
  railties (4.1.5) lib/rails/rack/logger.rb:20:in `block in call'
  activesupport (4.1.5) lib/active_support/tagged_logging.rb:68:in `block in tagged'
  activesupport (4.1.5) lib/active_support/tagged_logging.rb:26:in `tagged'
  activesupport (4.1.5) lib/active_support/tagged_logging.rb:68:in `tagged'
  railties (4.1.5) lib/rails/rack/logger.rb:20:in `call'
  quiet_assets (1.0.3) lib/quiet_assets.rb:23:in `call_with_quiet_assets'
  actionpack (4.1.5) lib/action_dispatch/middleware/request_id.rb:21:in `call'
  rack (1.5.2) lib/rack/methodoverride.rb:21:in `call'
  rack (1.5.2) lib/rack/runtime.rb:17:in `call'
  activesupport (4.1.5) lib/active_support/cache/strategy/local_cache_middleware.rb:26:in `call'
  rack (1.5.2) lib/rack/lock.rb:17:in `call'
  actionpack (4.1.5) lib/action_dispatch/middleware/static.rb:64:in `call'
  rack (1.5.2) lib/rack/sendfile.rb:112:in `call'
  railties (4.1.5) lib/rails/engine.rb:514:in `call'
  railties (4.1.5) lib/rails/application.rb:144:in `call'
  rack (1.5.2) lib/rack/lock.rb:17:in `call'
  rack (1.5.2) lib/rack/content_length.rb:14:in `call'
  rack (1.5.2) lib/rack/handler/webrick.rb:60:in `service'
  /Users/epicodus/.rubies/ruby-2.1.0/lib/ruby/2.1.0/webrick/httpserver.rb:138:in `service'
  /Users/epicodus/.rubies/ruby-2.1.0/lib/ruby/2.1.0/webrick/httpserver.rb:94:in `run'
  /Users/epicodus/.rubies/ruby-2.1.0/lib/ruby/2.1.0/webrick/server.rb:295:in `block in start_thread'


  Rendered /Users/epicodus/.gem/ruby/2.1.0/gems/actionpack-4.1.5/lib/action_dispatch/middleware/templates/rescues/_trace.html.erb (0.7ms)
  Rendered /Users/epicodus/.gem/ruby/2.1.0/gems/actionpack-4.1.5/lib/action_dispatch/middleware/templates/routes/_route.html.erb (0.8ms)
  Rendered /Users/epicodus/.gem/ruby/2.1.0/gems/actionpack-4.1.5/lib/action_dispatch/middleware/templates/routes/_table.html.erb (3.8ms)
  Rendered /Users/epicodus/.gem/ruby/2.1.0/gems/actionpack-4.1.5/lib/action_dispatch/middleware/templates/rescues/routing_error.html.erb within rescues/layout (17.2ms)


Started GET "/users/new" for 127.0.0.1 at 2014-09-03 10:58:44 -0700
Processing by UsersController#new as HTML
Completed 500 Internal Server Error in 6ms

ActionView::MissingTemplate (Missing template users/new, application/new with {:locale=>[:en], :formats=>[:html], :variants=>[], :handlers=>[:erb, :builder, :raw, :ruby, :jbuilder, :coffee]}. Searched in:
  * "/Users/epicodus/Code/undertow/app/views"
):
  actionview (4.1.5) lib/action_view/path_set.rb:46:in `find'
  actionview (4.1.5) lib/action_view/lookup_context.rb:124:in `find'
  actionview (4.1.5) lib/action_view/renderer/abstract_renderer.rb:18:in `find_template'
  actionview (4.1.5) lib/action_view/renderer/template_renderer.rb:41:in `determine_template'
  actionview (4.1.5) lib/action_view/renderer/template_renderer.rb:8:in `render'
  actionview (4.1.5) lib/action_view/renderer/renderer.rb:42:in `render_template'
  actionview (4.1.5) lib/action_view/renderer/renderer.rb:23:in `render'
  actionview (4.1.5) lib/action_view/rendering.rb:99:in `_render_template'
  actionpack (4.1.5) lib/action_controller/metal/streaming.rb:217:in `_render_template'
  actionview (4.1.5) lib/action_view/rendering.rb:82:in `render_to_body'
  actionpack (4.1.5) lib/action_controller/metal/rendering.rb:32:in `render_to_body'
  actionpack (4.1.5) lib/action_controller/metal/renderers.rb:32:in `render_to_body'
  actionpack (4.1.5) lib/abstract_controller/rendering.rb:25:in `render'
  actionpack (4.1.5) lib/action_controller/metal/rendering.rb:16:in `render'
  actionpack (4.1.5) lib/action_controller/metal/instrumentation.rb:41:in `block (2 levels) in render'
  activesupport (4.1.5) lib/active_support/core_ext/benchmark.rb:12:in `block in ms'
  /Users/epicodus/.rubies/ruby-2.1.0/lib/ruby/2.1.0/benchmark.rb:294:in `realtime'
  activesupport (4.1.5) lib/active_support/core_ext/benchmark.rb:12:in `ms'
  actionpack (4.1.5) lib/action_controller/metal/instrumentation.rb:41:in `block in render'
  actionpack (4.1.5) lib/action_controller/metal/instrumentation.rb:84:in `cleanup_view_runtime'
  activerecord (4.1.5) lib/active_record/railties/controller_runtime.rb:25:in `cleanup_view_runtime'
  actionpack (4.1.5) lib/action_controller/metal/instrumentation.rb:40:in `render'
  actionpack (4.1.5) lib/action_controller/metal/implicit_render.rb:10:in `default_render'
  actionpack (4.1.5) lib/action_controller/metal/implicit_render.rb:5:in `send_action'
  actionpack (4.1.5) lib/abstract_controller/base.rb:189:in `process_action'
  actionpack (4.1.5) lib/action_controller/metal/rendering.rb:10:in `process_action'
  actionpack (4.1.5) lib/abstract_controller/callbacks.rb:20:in `block in process_action'
  activesupport (4.1.5) lib/active_support/callbacks.rb:113:in `call'
  activesupport (4.1.5) lib/active_support/callbacks.rb:113:in `call'
  activesupport (4.1.5) lib/active_support/callbacks.rb:229:in `block in halting'
  activesupport (4.1.5) lib/active_support/callbacks.rb:229:in `call'
  activesupport (4.1.5) lib/active_support/callbacks.rb:229:in `block in halting'
  activesupport (4.1.5) lib/active_support/callbacks.rb:166:in `call'
  activesupport (4.1.5) lib/active_support/callbacks.rb:166:in `block in halting'
  activesupport (4.1.5) lib/active_support/callbacks.rb:166:in `call'
  activesupport (4.1.5) lib/active_support/callbacks.rb:166:in `block in halting'
  activesupport (4.1.5) lib/active_support/callbacks.rb:166:in `call'
  activesupport (4.1.5) lib/active_support/callbacks.rb:166:in `block in halting'
  activesupport (4.1.5) lib/active_support/callbacks.rb:86:in `call'
  activesupport (4.1.5) lib/active_support/callbacks.rb:86:in `run_callbacks'
  actionpack (4.1.5) lib/abstract_controller/callbacks.rb:19:in `process_action'
  actionpack (4.1.5) lib/action_controller/metal/rescue.rb:29:in `process_action'
  actionpack (4.1.5) lib/action_controller/metal/instrumentation.rb:31:in `block in process_action'
  activesupport (4.1.5) lib/active_support/notifications.rb:159:in `block in instrument'
  activesupport (4.1.5) lib/active_support/notifications/instrumenter.rb:20:in `instrument'
  activesupport (4.1.5) lib/active_support/notifications.rb:159:in `instrument'
  actionpack (4.1.5) lib/action_controller/metal/instrumentation.rb:30:in `process_action'
  actionpack (4.1.5) lib/action_controller/metal/params_wrapper.rb:250:in `process_action'
  activerecord (4.1.5) lib/active_record/railties/controller_runtime.rb:18:in `process_action'
  actionpack (4.1.5) lib/abstract_controller/base.rb:136:in `process'
  actionview (4.1.5) lib/action_view/rendering.rb:30:in `process'
  actionpack (4.1.5) lib/action_controller/metal.rb:196:in `dispatch'
  actionpack (4.1.5) lib/action_controller/metal/rack_delegation.rb:13:in `dispatch'
  actionpack (4.1.5) lib/action_controller/metal.rb:232:in `block in action'
  actionpack (4.1.5) lib/action_dispatch/routing/route_set.rb:82:in `call'
  actionpack (4.1.5) lib/action_dispatch/routing/route_set.rb:82:in `dispatch'
  actionpack (4.1.5) lib/action_dispatch/routing/route_set.rb:50:in `call'
  actionpack (4.1.5) lib/action_dispatch/journey/router.rb:71:in `block in call'
  actionpack (4.1.5) lib/action_dispatch/journey/router.rb:59:in `each'
  actionpack (4.1.5) lib/action_dispatch/journey/router.rb:59:in `call'
  actionpack (4.1.5) lib/action_dispatch/routing/route_set.rb:678:in `call'
  rack (1.5.2) lib/rack/etag.rb:23:in `call'
  rack (1.5.2) lib/rack/conditionalget.rb:25:in `call'
  rack (1.5.2) lib/rack/head.rb:11:in `call'
  actionpack (4.1.5) lib/action_dispatch/middleware/params_parser.rb:27:in `call'
  actionpack (4.1.5) lib/action_dispatch/middleware/flash.rb:254:in `call'
  rack (1.5.2) lib/rack/session/abstract/id.rb:225:in `context'
  rack (1.5.2) lib/rack/session/abstract/id.rb:220:in `call'
  actionpack (4.1.5) lib/action_dispatch/middleware/cookies.rb:560:in `call'
  activerecord (4.1.5) lib/active_record/query_cache.rb:36:in `call'
  activerecord (4.1.5) lib/active_record/connection_adapters/abstract/connection_pool.rb:621:in `call'
  activerecord (4.1.5) lib/active_record/migration.rb:380:in `call'
  actionpack (4.1.5) lib/action_dispatch/middleware/callbacks.rb:29:in `block in call'
  activesupport (4.1.5) lib/active_support/callbacks.rb:82:in `run_callbacks'
  actionpack (4.1.5) lib/action_dispatch/middleware/callbacks.rb:27:in `call'
  actionpack (4.1.5) lib/action_dispatch/middleware/reloader.rb:73:in `call'
  actionpack (4.1.5) lib/action_dispatch/middleware/remote_ip.rb:76:in `call'
  actionpack (4.1.5) lib/action_dispatch/middleware/debug_exceptions.rb:17:in `call'
  actionpack (4.1.5) lib/action_dispatch/middleware/show_exceptions.rb:30:in `call'
  railties (4.1.5) lib/rails/rack/logger.rb:38:in `call_app'
  railties (4.1.5) lib/rails/rack/logger.rb:20:in `block in call'
  activesupport (4.1.5) lib/active_support/tagged_logging.rb:68:in `block in tagged'
  activesupport (4.1.5) lib/active_support/tagged_logging.rb:26:in `tagged'
  activesupport (4.1.5) lib/active_support/tagged_logging.rb:68:in `tagged'
  railties (4.1.5) lib/rails/rack/logger.rb:20:in `call'
  quiet_assets (1.0.3) lib/quiet_assets.rb:23:in `call_with_quiet_assets'
  actionpack (4.1.5) lib/action_dispatch/middleware/request_id.rb:21:in `call'
  rack (1.5.2) lib/rack/methodoverride.rb:21:in `call'
  rack (1.5.2) lib/rack/runtime.rb:17:in `call'
  activesupport (4.1.5) lib/active_support/cache/strategy/local_cache_middleware.rb:26:in `call'
  rack (1.5.2) lib/rack/lock.rb:17:in `call'
  actionpack (4.1.5) lib/action_dispatch/middleware/static.rb:64:in `call'
  rack (1.5.2) lib/rack/sendfile.rb:112:in `call'
  railties (4.1.5) lib/rails/engine.rb:514:in `call'
  railties (4.1.5) lib/rails/application.rb:144:in `call'
  rack (1.5.2) lib/rack/lock.rb:17:in `call'
  rack (1.5.2) lib/rack/content_length.rb:14:in `call'
  rack (1.5.2) lib/rack/handler/webrick.rb:60:in `service'
  /Users/epicodus/.rubies/ruby-2.1.0/lib/ruby/2.1.0/webrick/httpserver.rb:138:in `service'
  /Users/epicodus/.rubies/ruby-2.1.0/lib/ruby/2.1.0/webrick/httpserver.rb:94:in `run'
  /Users/epicodus/.rubies/ruby-2.1.0/lib/ruby/2.1.0/webrick/server.rb:295:in `block in start_thread'


  Rendered /Users/epicodus/.gem/ruby/2.1.0/gems/actionpack-4.1.5/lib/action_dispatch/middleware/templates/rescues/missing_template.html.erb within rescues/layout (0.4ms)


Started GET "/users/new" for 127.0.0.1 at 2014-09-03 10:59:03 -0700
Processing by UsersController#new as HTML
  Rendered layouts/_errors.html.erb (2.2ms)
  Rendered layouts/_user_form.html.erb (8.7ms)
  Rendered users/new.html.erb within layouts/application (12.2ms)
Completed 200 OK in 66ms (Views: 65.4ms | ActiveRecord: 0.0ms)


Started GET "/" for 127.0.0.1 at 2014-09-03 11:12:39 -0700
Processing by ApplicationController#index as HTML
  Rendered application/index.html.erb within layouts/application (0.0ms)
Completed 200 OK in 58ms (Views: 57.8ms | ActiveRecord: 0.0ms)


Started GET "/users/new" for 127.0.0.1 at 2014-09-03 11:12:47 -0700
Processing by UsersController#new as HTML
  Rendered layouts/_errors.html.erb (0.3ms)
  Rendered layouts/_user_form.html.erb (3.9ms)
  Rendered users/new.html.erb within layouts/application (5.6ms)
Completed 200 OK in 67ms (Views: 63.7ms | ActiveRecord: 1.2ms)


Started POST "/users" for 127.0.0.1 at 2014-09-03 11:24:28 -0700
Processing by UsersController#create as HTML
  Parameters: {"utf8"=>"✓", "authenticity_token"=>"M+n+yfR7BIUNO7z/a3ccEFvaIyHKMlZ7vv95M+Hap9g=", "user"=>{"email"=>"example@example.com", "name"=>"Mr. Example", "password"=>"[FILTERED]", "password_confirmation"=>"[FILTERED]"}, "commit"=>"Create Account"}
  [1m[35m (0.1ms)[0m  BEGIN
  [1m[36mUser Exists (5.9ms)[0m  [1mSELECT  1 AS one FROM "users"  WHERE "users"."name" = 'Mr. Example' LIMIT 1[0m
  [1m[35mUser Exists (0.1ms)[0m  SELECT  1 AS one FROM "users"  WHERE "users"."email" = 'example@example.com' LIMIT 1
  [1m[36mSQL (0.3ms)[0m  [1mINSERT INTO "users" ("created_at", "email", "name", "password_digest", "updated_at") VALUES ($1, $2, $3, $4, $5) RETURNING "id"[0m  [["created_at", "2014-09-03 18:24:28.121842"], ["email", "example@example.com"], ["name", "Mr. Example"], ["password_digest", "$2a$10$QShPTpgpOVJbJq2PGdmHSON.h3t8UhCkR79g0FtBPy6SnN9FZkWoS"], ["updated_at", "2014-09-03 18:24:28.121842"]]
  [1m[35m (0.4ms)[0m  COMMIT
Redirected to http://localhost:3000/users/1
Completed 302 Found in 76ms (ActiveRecord: 7.0ms)


Started GET "/users/1" for 127.0.0.1 at 2014-09-03 11:24:28 -0700
Processing by UsersController#show as HTML
  Parameters: {"id"=>"1"}
  [1m[36mUser Load (0.2ms)[0m  [1mSELECT  "users".* FROM "users"  WHERE "users"."id" = $1 LIMIT 1[0m  [["id", 1]]
  Rendered users/show.html.erb within layouts/application (0.3ms)
Completed 200 OK in 59ms (Views: 57.7ms | ActiveRecord: 0.2ms)


Started GET "/users/1" for 127.0.0.1 at 2014-09-03 11:42:46 -0700
Processing by UsersController#show as HTML
  Parameters: {"id"=>"1"}
  [1m[35mUser Load (0.1ms)[0m  SELECT  "users".* FROM "users"  WHERE "users"."id" = $1 LIMIT 1  [["id", 1]]
  Rendered users/show.html.erb within layouts/application (0.1ms)
Completed 200 OK in 68ms (Views: 62.4ms | ActiveRecord: 1.2ms)


Started GET "/" for 127.0.0.1 at 2014-09-03 11:43:02 -0700
Processing by ApplicationController#index as HTML
  Rendered application/index.html.erb within layouts/application (0.0ms)
Completed 200 OK in 55ms (Views: 54.0ms | ActiveRecord: 0.0ms)


Started GET "/" for 127.0.0.1 at 2014-09-03 11:49:38 -0700
Processing by ApplicationController#index as HTML
  Rendered application/index.html.erb within layouts/application (0.0ms)
Completed 500 Internal Server Error in 62ms

ActiveRecord::RecordNotFound (Couldn't find User without an ID):
  app/controllers/application_controller.rb:12:in `current_user'
  app/views/layouts/application.html.erb:12:in `_app_views_layouts_application_html_erb___79435839272596994_70122309774120'


  Rendered /Users/epicodus/.gem/ruby/2.1.0/gems/actionpack-4.1.5/lib/action_dispatch/middleware/templates/rescues/_source.erb (0.6ms)
  Rendered /Users/epicodus/.gem/ruby/2.1.0/gems/actionpack-4.1.5/lib/action_dispatch/middleware/templates/rescues/_trace.html.erb (0.7ms)
  Rendered /Users/epicodus/.gem/ruby/2.1.0/gems/actionpack-4.1.5/lib/action_dispatch/middleware/templates/rescues/_request_and_response.html.erb (0.7ms)
  Rendered /Users/epicodus/.gem/ruby/2.1.0/gems/actionpack-4.1.5/lib/action_dispatch/middleware/templates/rescues/diagnostics.erb within rescues/layout (16.8ms)


Started GET "/" for 127.0.0.1 at 2014-09-03 11:51:31 -0700
Processing by ApplicationController#index as HTML
  Rendered application/index.html.erb within layouts/application (0.0ms)
  [1m[36mUser Load (0.1ms)[0m  [1mSELECT  "users".* FROM "users"  WHERE "users"."id" = $1 LIMIT 1[0m  [["id", 1]]
Completed 200 OK in 63ms (Views: 61.1ms | ActiveRecord: 1.2ms)


Started GET "/" for 127.0.0.1 at 2014-09-03 11:53:20 -0700
Processing by ApplicationController#index as HTML
  Rendered application/index.html.erb within layouts/application (0.0ms)
  [1m[35mUser Load (0.2ms)[0m  SELECT  "users".* FROM "users"  WHERE "users"."id" = $1 LIMIT 1  [["id", 1]]
Completed 200 OK in 60ms (Views: 59.4ms | ActiveRecord: 0.2ms)


Started GET "/" for 127.0.0.1 at 2014-09-03 11:58:27 -0700
Processing by ApplicationController#index as HTML
  Rendered application/index.html.erb within layouts/application (0.0ms)
Completed 200 OK in 60ms (Views: 59.6ms | ActiveRecord: 0.0ms)


Started GET "/" for 127.0.0.1 at 2014-09-03 11:59:59 -0700
Processing by ApplicationController#index as HTML
  Rendered application/index.html.erb within layouts/application (0.0ms)
Completed 200 OK in 60ms (Views: 59.1ms | ActiveRecord: 0.0ms)


Started GET "/signup" for 127.0.0.1 at 2014-09-03 12:00:02 -0700
Processing by UsersController#new as HTML
  Rendered layouts/_errors.html.erb (0.0ms)
  Rendered layouts/_user_form.html.erb (3.5ms)
  Rendered users/new.html.erb within layouts/application (4.7ms)
Completed 200 OK in 70ms (Views: 67.2ms | ActiveRecord: 1.1ms)


Started GET "/login" for 127.0.0.1 at 2014-09-03 12:00:03 -0700
Processing by SessionsController#new as HTML
  Rendered sessions/_form.html.erb (0.6ms)
  Rendered sessions/new.html.erb within layouts/application (9.0ms)
Completed 500 Internal Server Error in 11ms

SyntaxError (/Users/epicodus/Code/undertow/app/views/sessions/_form.html.erb:1: syntax error, unexpected ',', expecting ')'
...pend=  form_tag (sessions_path, :class => 'form-horizontal')...
...                               ^
/Users/epicodus/Code/undertow/app/views/sessions/_form.html.erb:1: syntax error, unexpected ')', expecting keyword_end
...h, :class => 'form-horizontal') do @output_buffer.safe_appen...
...                               ^
/Users/epicodus/Code/undertow/app/views/sessions/_form.html.erb:18: syntax error, unexpected keyword_ensure, expecting end-of-input):
  app/views/sessions/_form.html.erb:1: syntax error, unexpected ',', expecting ')'
  app/views/sessions/_form.html.erb:1: syntax error, unexpected ')', expecting keyword_end
  app/views/sessions/_form.html.erb:18: syntax error, unexpected keyword_ensure, expecting end-of-input
  app/views/sessions/new.html.erb:3:in `_app_views_sessions_new_html_erb___3575279299777979125_70122311730660'


  Rendered /Users/epicodus/.gem/ruby/2.1.0/gems/actionpack-4.1.5/lib/action_dispatch/middleware/templates/rescues/_source.erb (0.4ms)
  Rendered /Users/epicodus/.gem/ruby/2.1.0/gems/actionpack-4.1.5/lib/action_dispatch/middleware/templates/rescues/_trace.html.erb (0.9ms)
  Rendered /Users/epicodus/.gem/ruby/2.1.0/gems/actionpack-4.1.5/lib/action_dispatch/middleware/templates/rescues/_request_and_response.html.erb (0.6ms)
  Rendered /Users/epicodus/.gem/ruby/2.1.0/gems/actionpack-4.1.5/lib/action_dispatch/middleware/templates/rescues/diagnostics.erb within rescues/layout (9.6ms)


Started GET "/login" for 127.0.0.1 at 2014-09-03 12:00:03 -0700
Processing by SessionsController#new as HTML
  Rendered sessions/_form.html.erb (0.4ms)
  Rendered sessions/new.html.erb within layouts/application (1.2ms)
Completed 500 Internal Server Error in 3ms

SyntaxError (/Users/epicodus/Code/undertow/app/views/sessions/_form.html.erb:1: syntax error, unexpected ',', expecting ')'
...pend=  form_tag (sessions_path, :class => 'form-horizontal')...
...                               ^
/Users/epicodus/Code/undertow/app/views/sessions/_form.html.erb:1: syntax error, unexpected ')', expecting keyword_end
...h, :class => 'form-horizontal') do @output_buffer.safe_appen...
...                               ^
/Users/epicodus/Code/undertow/app/views/sessions/_form.html.erb:18: syntax error, unexpected keyword_ensure, expecting end-of-input):
  app/views/sessions/_form.html.erb:1: syntax error, unexpected ',', expecting ')'
  app/views/sessions/_form.html.erb:1: syntax error, unexpected ')', expecting keyword_end
  app/views/sessions/_form.html.erb:18: syntax error, unexpected keyword_ensure, expecting end-of-input
  app/views/sessions/new.html.erb:3:in `_app_views_sessions_new_html_erb___3575279299777979125_70122309998740'


  Rendered /Users/epicodus/.gem/ruby/2.1.0/gems/actionpack-4.1.5/lib/action_dispatch/middleware/templates/rescues/_source.erb (0.4ms)
  Rendered /Users/epicodus/.gem/ruby/2.1.0/gems/actionpack-4.1.5/lib/action_dispatch/middleware/templates/rescues/_trace.html.erb (0.9ms)
  Rendered /Users/epicodus/.gem/ruby/2.1.0/gems/actionpack-4.1.5/lib/action_dispatch/middleware/templates/rescues/_request_and_response.html.erb (0.6ms)
  Rendered /Users/epicodus/.gem/ruby/2.1.0/gems/actionpack-4.1.5/lib/action_dispatch/middleware/templates/rescues/diagnostics.erb within rescues/layout (9.6ms)


Started GET "/login" for 127.0.0.1 at 2014-09-03 12:02:40 -0700
  [1m[36mActiveRecord::SchemaMigration Load (0.2ms)[0m  [1mSELECT "schema_migrations".* FROM "schema_migrations"[0m
Processing by SessionsController#new as HTML
  Rendered sessions/_form.html.erb (1.0ms)
  Rendered sessions/new.html.erb within layouts/application (5.3ms)
Completed 500 Internal Server Error in 15ms

SyntaxError - syntax error, unexpected ',', expecting ')'
...pend=  form_tag (sessions_path, :class => 'form-horizontal')...
...                               ^
/Users/epicodus/Code/undertow/app/views/sessions/_form.html.erb:1: syntax error, unexpected ')', expecting keyword_end
...h, :class => 'form-horizontal') do @output_buffer.safe_appen...
...                               ^
/Users/epicodus/Code/undertow/app/views/sessions/_form.html.erb:18: syntax error, unexpected keyword_ensure, expecting end-of-input:
   () Users/epicodus/Code/undertow/app/views/sessions/_form.html.erb:1:in `'
  actionview (4.1.5) lib/action_view/template.rb:297:in `compile'
  actionview (4.1.5) lib/action_view/template.rb:245:in `block (2 levels) in compile!'
  activesupport (4.1.5) lib/active_support/notifications.rb:161:in `instrument'
  actionview (4.1.5) lib/action_view/template.rb:339:in `instrument'
  actionview (4.1.5) lib/action_view/template.rb:244:in `block in compile!'
  actionview (4.1.5) lib/action_view/template.rb:232:in `compile!'
  actionview (4.1.5) lib/action_view/template.rb:144:in `block in render'
  activesupport (4.1.5) lib/active_support/notifications.rb:161:in `instrument'
  actionview (4.1.5) lib/action_view/template.rb:339:in `instrument'
  actionview (4.1.5) lib/action_view/template.rb:143:in `render'
  actionview (4.1.5) lib/action_view/renderer/partial_renderer.rb:306:in `render_partial'
  actionview (4.1.5) lib/action_view/renderer/partial_renderer.rb:279:in `block in render'
  actionview (4.1.5) lib/action_view/renderer/abstract_renderer.rb:38:in `block in instrument'
  activesupport (4.1.5) lib/active_support/notifications.rb:159:in `block in instrument'
  activesupport (4.1.5) lib/active_support/notifications/instrumenter.rb:20:in `instrument'
  activesupport (4.1.5) lib/active_support/notifications.rb:159:in `instrument'
  actionview (4.1.5) lib/action_view/renderer/abstract_renderer.rb:38:in `instrument'
  actionview (4.1.5) lib/action_view/renderer/partial_renderer.rb:278:in `render'
  actionview (4.1.5) lib/action_view/renderer/renderer.rb:47:in `render_partial'
  actionview (4.1.5) lib/action_view/helpers/rendering_helper.rb:35:in `render'
   () Users/epicodus/Code/undertow/app/views/sessions/new.html.erb:3:in `_app_views_sessions_new_html_erb__2814774625622185276_70159545058300'
  actionview (4.1.5) lib/action_view/template.rb:145:in `block in render'
  activesupport (4.1.5) lib/active_support/notifications.rb:161:in `instrument'
  actionview (4.1.5) lib/action_view/template.rb:339:in `instrument'
  actionview (4.1.5) lib/action_view/template.rb:143:in `render'
  actionview (4.1.5) lib/action_view/renderer/template_renderer.rb:55:in `block (2 levels) in render_template'
  actionview (4.1.5) lib/action_view/renderer/abstract_renderer.rb:38:in `block in instrument'
  activesupport (4.1.5) lib/active_support/notifications.rb:159:in `block in instrument'
  activesupport (4.1.5) lib/active_support/notifications/instrumenter.rb:20:in `instrument'
  activesupport (4.1.5) lib/active_support/notifications.rb:159:in `instrument'
  actionview (4.1.5) lib/action_view/renderer/abstract_renderer.rb:38:in `instrument'
  actionview (4.1.5) lib/action_view/renderer/template_renderer.rb:54:in `block in render_template'
  actionview (4.1.5) lib/action_view/renderer/template_renderer.rb:62:in `render_with_layout'
  actionview (4.1.5) lib/action_view/renderer/template_renderer.rb:53:in `render_template'
  actionview (4.1.5) lib/action_view/renderer/template_renderer.rb:17:in `render'
  actionview (4.1.5) lib/action_view/renderer/renderer.rb:42:in `render_template'
  actionview (4.1.5) lib/action_view/renderer/renderer.rb:23:in `render'
  actionview (4.1.5) lib/action_view/rendering.rb:99:in `_render_template'
  actionpack (4.1.5) lib/action_controller/metal/streaming.rb:217:in `_render_template'
  actionview (4.1.5) lib/action_view/rendering.rb:82:in `render_to_body'
  actionpack (4.1.5) lib/action_controller/metal/rendering.rb:32:in `render_to_body'
  actionpack (4.1.5) lib/action_controller/metal/renderers.rb:32:in `render_to_body'
  actionpack (4.1.5) lib/abstract_controller/rendering.rb:25:in `render'
  actionpack (4.1.5) lib/action_controller/metal/rendering.rb:16:in `render'
  actionpack (4.1.5) lib/action_controller/metal/instrumentation.rb:41:in `block (2 levels) in render'
  activesupport (4.1.5) lib/active_support/core_ext/benchmark.rb:12:in `block in ms'
   () Users/epicodus/.rubies/ruby-2.1.0/lib/ruby/2.1.0/benchmark.rb:294:in `realtime'
  activesupport (4.1.5) lib/active_support/core_ext/benchmark.rb:12:in `ms'
  actionpack (4.1.5) lib/action_controller/metal/instrumentation.rb:41:in `block in render'
  actionpack (4.1.5) lib/action_controller/metal/instrumentation.rb:84:in `cleanup_view_runtime'
  activerecord (4.1.5) lib/active_record/railties/controller_runtime.rb:25:in `cleanup_view_runtime'
  actionpack (4.1.5) lib/action_controller/metal/instrumentation.rb:40:in `render'
  actionpack (4.1.5) lib/action_controller/metal/implicit_render.rb:10:in `default_render'
  actionpack (4.1.5) lib/action_controller/metal/implicit_render.rb:5:in `send_action'
  actionpack (4.1.5) lib/abstract_controller/base.rb:189:in `process_action'
  actionpack (4.1.5) lib/action_controller/metal/rendering.rb:10:in `process_action'
  actionpack (4.1.5) lib/abstract_controller/callbacks.rb:20:in `block in process_action'
  activesupport (4.1.5) lib/active_support/callbacks.rb:113:in `call'
  activesupport (4.1.5) lib/active_support/callbacks.rb:229:in `block in halting'
  activesupport (4.1.5) lib/active_support/callbacks.rb:229:in `block in halting'
  activesupport (4.1.5) lib/active_support/callbacks.rb:166:in `block in halting'
  activesupport (4.1.5) lib/active_support/callbacks.rb:166:in `block in halting'
  activesupport (4.1.5) lib/active_support/callbacks.rb:166:in `block in halting'
  activesupport (4.1.5) lib/active_support/callbacks.rb:86:in `run_callbacks'
  actionpack (4.1.5) lib/abstract_controller/callbacks.rb:19:in `process_action'
  actionpack (4.1.5) lib/action_controller/metal/rescue.rb:29:in `process_action'
  actionpack (4.1.5) lib/action_controller/metal/instrumentation.rb:31:in `block in process_action'
  activesupport (4.1.5) lib/active_support/notifications.rb:159:in `block in instrument'
  activesupport (4.1.5) lib/active_support/notifications/instrumenter.rb:20:in `instrument'
  activesupport (4.1.5) lib/active_support/notifications.rb:159:in `instrument'
  actionpack (4.1.5) lib/action_controller/metal/instrumentation.rb:30:in `process_action'
  actionpack (4.1.5) lib/action_controller/metal/params_wrapper.rb:250:in `process_action'
  activerecord (4.1.5) lib/active_record/railties/controller_runtime.rb:18:in `process_action'
  actionpack (4.1.5) lib/abstract_controller/base.rb:136:in `process'
  actionview (4.1.5) lib/action_view/rendering.rb:30:in `process'
  actionpack (4.1.5) lib/action_controller/metal.rb:196:in `dispatch'
  actionpack (4.1.5) lib/action_controller/metal/rack_delegation.rb:13:in `dispatch'
  actionpack (4.1.5) lib/action_controller/metal.rb:232:in `block in action'
  actionpack (4.1.5) lib/action_dispatch/routing/route_set.rb:82:in `dispatch'
  actionpack (4.1.5) lib/action_dispatch/routing/route_set.rb:50:in `call'
  actionpack (4.1.5) lib/action_dispatch/journey/router.rb:71:in `block in call'
  actionpack (4.1.5) lib/action_dispatch/journey/router.rb:59:in `call'
  actionpack (4.1.5) lib/action_dispatch/routing/route_set.rb:678:in `call'
  rack (1.5.2) lib/rack/etag.rb:23:in `call'
  rack (1.5.2) lib/rack/conditionalget.rb:25:in `call'
  rack (1.5.2) lib/rack/head.rb:11:in `call'
  actionpack (4.1.5) lib/action_dispatch/middleware/params_parser.rb:27:in `call'
  actionpack (4.1.5) lib/action_dispatch/middleware/flash.rb:254:in `call'
  rack (1.5.2) lib/rack/session/abstract/id.rb:225:in `context'
  rack (1.5.2) lib/rack/session/abstract/id.rb:220:in `call'
  actionpack (4.1.5) lib/action_dispatch/middleware/cookies.rb:560:in `call'
  activerecord (4.1.5) lib/active_record/query_cache.rb:36:in `call'
  activerecord (4.1.5) lib/active_record/connection_adapters/abstract/connection_pool.rb:621:in `call'
  activerecord (4.1.5) lib/active_record/migration.rb:380:in `call'
  actionpack (4.1.5) lib/action_dispatch/middleware/callbacks.rb:29:in `block in call'
  activesupport (4.1.5) lib/active_support/callbacks.rb:82:in `run_callbacks'
  actionpack (4.1.5) lib/action_dispatch/middleware/callbacks.rb:27:in `call'
  actionpack (4.1.5) lib/action_dispatch/middleware/reloader.rb:73:in `call'
  actionpack (4.1.5) lib/action_dispatch/middleware/remote_ip.rb:76:in `call'
  better_errors (2.0.0) lib/better_errors/middleware.rb:84:in `protected_app_call'
  better_errors (2.0.0) lib/better_errors/middleware.rb:79:in `better_errors_call'
  better_errors (2.0.0) lib/better_errors/middleware.rb:57:in `call'
  actionpack (4.1.5) lib/action_dispatch/middleware/debug_exceptions.rb:17:in `call'
  actionpack (4.1.5) lib/action_dispatch/middleware/show_exceptions.rb:30:in `call'
  railties (4.1.5) lib/rails/rack/logger.rb:38:in `call_app'
  railties (4.1.5) lib/rails/rack/logger.rb:20:in `block in call'
  activesupport (4.1.5) lib/active_support/tagged_logging.rb:68:in `block in tagged'
  activesupport (4.1.5) lib/active_support/tagged_logging.rb:26:in `tagged'
  activesupport (4.1.5) lib/active_support/tagged_logging.rb:68:in `tagged'
  railties (4.1.5) lib/rails/rack/logger.rb:20:in `call'
  quiet_assets (1.0.3) lib/quiet_assets.rb:23:in `call_with_quiet_assets'
  actionpack (4.1.5) lib/action_dispatch/middleware/request_id.rb:21:in `call'
  rack (1.5.2) lib/rack/methodoverride.rb:21:in `call'
  rack (1.5.2) lib/rack/runtime.rb:17:in `call'
  activesupport (4.1.5) lib/active_support/cache/strategy/local_cache_middleware.rb:26:in `call'
  rack (1.5.2) lib/rack/lock.rb:17:in `call'
  actionpack (4.1.5) lib/action_dispatch/middleware/static.rb:64:in `call'
  rack (1.5.2) lib/rack/sendfile.rb:112:in `call'
  railties (4.1.5) lib/rails/engine.rb:514:in `call'
  railties (4.1.5) lib/rails/application.rb:144:in `call'
  rack (1.5.2) lib/rack/lock.rb:17:in `call'
  rack (1.5.2) lib/rack/content_length.rb:14:in `call'
  rack (1.5.2) lib/rack/handler/webrick.rb:60:in `service'
   () Users/epicodus/.rubies/ruby-2.1.0/lib/ruby/2.1.0/webrick/httpserver.rb:138:in `service'
   () Users/epicodus/.rubies/ruby-2.1.0/lib/ruby/2.1.0/webrick/httpserver.rb:94:in `run'
   () Users/epicodus/.rubies/ruby-2.1.0/lib/ruby/2.1.0/webrick/server.rb:295:in `block in start_thread'



Started POST "/__better_errors/7a67e4ca30db7708/variables" for 127.0.0.1 at 2014-09-03 12:02:40 -0700


Started GET "/login" for 127.0.0.1 at 2014-09-03 12:03:57 -0700
Processing by SessionsController#new as HTML
  Rendered sessions/_form.html.erb (0.9ms)
  Rendered sessions/new.html.erb within layouts/application (1.3ms)
Completed 500 Internal Server Error in 3ms

SyntaxError - syntax error, unexpected ',', expecting ')'
...pend=  form_tag (sessions_path, :html => {:class => 'form-ho...
...                               ^
/Users/epicodus/Code/undertow/app/views/sessions/_form.html.erb:1: syntax error, unexpected ')', expecting keyword_end
...{:class => 'form-horizontal'} ) do @output_buffer.safe_appen...
...                               ^
/Users/epicodus/Code/undertow/app/views/sessions/_form.html.erb:18: syntax error, unexpected keyword_ensure, expecting end-of-input:
   () Users/epicodus/Code/undertow/app/views/sessions/_form.html.erb:1:in `'
  actionview (4.1.5) lib/action_view/template.rb:297:in `compile'
  actionview (4.1.5) lib/action_view/template.rb:245:in `block (2 levels) in compile!'
  activesupport (4.1.5) lib/active_support/notifications.rb:161:in `instrument'
  actionview (4.1.5) lib/action_view/template.rb:339:in `instrument'
  actionview (4.1.5) lib/action_view/template.rb:244:in `block in compile!'
  actionview (4.1.5) lib/action_view/template.rb:232:in `compile!'
  actionview (4.1.5) lib/action_view/template.rb:144:in `block in render'
  activesupport (4.1.5) lib/active_support/notifications.rb:161:in `instrument'
  actionview (4.1.5) lib/action_view/template.rb:339:in `instrument'
  actionview (4.1.5) lib/action_view/template.rb:143:in `render'
  actionview (4.1.5) lib/action_view/renderer/partial_renderer.rb:306:in `render_partial'
  actionview (4.1.5) lib/action_view/renderer/partial_renderer.rb:279:in `block in render'
  actionview (4.1.5) lib/action_view/renderer/abstract_renderer.rb:38:in `block in instrument'
  activesupport (4.1.5) lib/active_support/notifications.rb:159:in `block in instrument'
  activesupport (4.1.5) lib/active_support/notifications/instrumenter.rb:20:in `instrument'
  activesupport (4.1.5) lib/active_support/notifications.rb:159:in `instrument'
  actionview (4.1.5) lib/action_view/renderer/abstract_renderer.rb:38:in `instrument'
  actionview (4.1.5) lib/action_view/renderer/partial_renderer.rb:278:in `render'
  actionview (4.1.5) lib/action_view/renderer/renderer.rb:47:in `render_partial'
  actionview (4.1.5) lib/action_view/helpers/rendering_helper.rb:35:in `render'
   () Users/epicodus/Code/undertow/app/views/sessions/new.html.erb:3:in `_app_views_sessions_new_html_erb__2814774625622185276_70159545058300'
  actionview (4.1.5) lib/action_view/template.rb:145:in `block in render'
  activesupport (4.1.5) lib/active_support/notifications.rb:161:in `instrument'
  actionview (4.1.5) lib/action_view/template.rb:339:in `instrument'
  actionview (4.1.5) lib/action_view/template.rb:143:in `render'
  actionview (4.1.5) lib/action_view/renderer/template_renderer.rb:55:in `block (2 levels) in render_template'
  actionview (4.1.5) lib/action_view/renderer/abstract_renderer.rb:38:in `block in instrument'
  activesupport (4.1.5) lib/active_support/notifications.rb:159:in `block in instrument'
  activesupport (4.1.5) lib/active_support/notifications/instrumenter.rb:20:in `instrument'
  activesupport (4.1.5) lib/active_support/notifications.rb:159:in `instrument'
  actionview (4.1.5) lib/action_view/renderer/abstract_renderer.rb:38:in `instrument'
  actionview (4.1.5) lib/action_view/renderer/template_renderer.rb:54:in `block in render_template'
  actionview (4.1.5) lib/action_view/renderer/template_renderer.rb:62:in `render_with_layout'
  actionview (4.1.5) lib/action_view/renderer/template_renderer.rb:53:in `render_template'
  actionview (4.1.5) lib/action_view/renderer/template_renderer.rb:17:in `render'
  actionview (4.1.5) lib/action_view/renderer/renderer.rb:42:in `render_template'
  actionview (4.1.5) lib/action_view/renderer/renderer.rb:23:in `render'
  actionview (4.1.5) lib/action_view/rendering.rb:99:in `_render_template'
  actionpack (4.1.5) lib/action_controller/metal/streaming.rb:217:in `_render_template'
  actionview (4.1.5) lib/action_view/rendering.rb:82:in `render_to_body'
  actionpack (4.1.5) lib/action_controller/metal/rendering.rb:32:in `render_to_body'
  actionpack (4.1.5) lib/action_controller/metal/renderers.rb:32:in `render_to_body'
  actionpack (4.1.5) lib/abstract_controller/rendering.rb:25:in `render'
  actionpack (4.1.5) lib/action_controller/metal/rendering.rb:16:in `render'
  actionpack (4.1.5) lib/action_controller/metal/instrumentation.rb:41:in `block (2 levels) in render'
  activesupport (4.1.5) lib/active_support/core_ext/benchmark.rb:12:in `block in ms'
   () Users/epicodus/.rubies/ruby-2.1.0/lib/ruby/2.1.0/benchmark.rb:294:in `realtime'
  activesupport (4.1.5) lib/active_support/core_ext/benchmark.rb:12:in `ms'
  actionpack (4.1.5) lib/action_controller/metal/instrumentation.rb:41:in `block in render'
  actionpack (4.1.5) lib/action_controller/metal/instrumentation.rb:84:in `cleanup_view_runtime'
  activerecord (4.1.5) lib/active_record/railties/controller_runtime.rb:25:in `cleanup_view_runtime'
  actionpack (4.1.5) lib/action_controller/metal/instrumentation.rb:40:in `render'
  actionpack (4.1.5) lib/action_controller/metal/implicit_render.rb:10:in `default_render'
  actionpack (4.1.5) lib/action_controller/metal/implicit_render.rb:5:in `send_action'
  actionpack (4.1.5) lib/abstract_controller/base.rb:189:in `process_action'
  actionpack (4.1.5) lib/action_controller/metal/rendering.rb:10:in `process_action'
  actionpack (4.1.5) lib/abstract_controller/callbacks.rb:20:in `block in process_action'
  activesupport (4.1.5) lib/active_support/callbacks.rb:113:in `call'
  activesupport (4.1.5) lib/active_support/callbacks.rb:229:in `block in halting'
  activesupport (4.1.5) lib/active_support/callbacks.rb:229:in `block in halting'
  activesupport (4.1.5) lib/active_support/callbacks.rb:166:in `block in halting'
  activesupport (4.1.5) lib/active_support/callbacks.rb:166:in `block in halting'
  activesupport (4.1.5) lib/active_support/callbacks.rb:166:in `block in halting'
  activesupport (4.1.5) lib/active_support/callbacks.rb:86:in `run_callbacks'
  actionpack (4.1.5) lib/abstract_controller/callbacks.rb:19:in `process_action'
  actionpack (4.1.5) lib/action_controller/metal/rescue.rb:29:in `process_action'
  actionpack (4.1.5) lib/action_controller/metal/instrumentation.rb:31:in `block in process_action'
  activesupport (4.1.5) lib/active_support/notifications.rb:159:in `block in instrument'
  activesupport (4.1.5) lib/active_support/notifications/instrumenter.rb:20:in `instrument'
  activesupport (4.1.5) lib/active_support/notifications.rb:159:in `instrument'
  actionpack (4.1.5) lib/action_controller/metal/instrumentation.rb:30:in `process_action'
  actionpack (4.1.5) lib/action_controller/metal/params_wrapper.rb:250:in `process_action'
  activerecord (4.1.5) lib/active_record/railties/controller_runtime.rb:18:in `process_action'
  actionpack (4.1.5) lib/abstract_controller/base.rb:136:in `process'
  actionview (4.1.5) lib/action_view/rendering.rb:30:in `process'
  actionpack (4.1.5) lib/action_controller/metal.rb:196:in `dispatch'
  actionpack (4.1.5) lib/action_controller/metal/rack_delegation.rb:13:in `dispatch'
  actionpack (4.1.5) lib/action_controller/metal.rb:232:in `block in action'
  actionpack (4.1.5) lib/action_dispatch/routing/route_set.rb:82:in `dispatch'
  actionpack (4.1.5) lib/action_dispatch/routing/route_set.rb:50:in `call'
  actionpack (4.1.5) lib/action_dispatch/journey/router.rb:71:in `block in call'
  actionpack (4.1.5) lib/action_dispatch/journey/router.rb:59:in `call'
  actionpack (4.1.5) lib/action_dispatch/routing/route_set.rb:678:in `call'
  rack (1.5.2) lib/rack/etag.rb:23:in `call'
  rack (1.5.2) lib/rack/conditionalget.rb:25:in `call'
  rack (1.5.2) lib/rack/head.rb:11:in `call'
  actionpack (4.1.5) lib/action_dispatch/middleware/params_parser.rb:27:in `call'
  actionpack (4.1.5) lib/action_dispatch/middleware/flash.rb:254:in `call'
  rack (1.5.2) lib/rack/session/abstract/id.rb:225:in `context'
  rack (1.5.2) lib/rack/session/abstract/id.rb:220:in `call'
  actionpack (4.1.5) lib/action_dispatch/middleware/cookies.rb:560:in `call'
  activerecord (4.1.5) lib/active_record/query_cache.rb:36:in `call'
  activerecord (4.1.5) lib/active_record/connection_adapters/abstract/connection_pool.rb:621:in `call'
  activerecord (4.1.5) lib/active_record/migration.rb:380:in `call'
  actionpack (4.1.5) lib/action_dispatch/middleware/callbacks.rb:29:in `block in call'
  activesupport (4.1.5) lib/active_support/callbacks.rb:82:in `run_callbacks'
  actionpack (4.1.5) lib/action_dispatch/middleware/callbacks.rb:27:in `call'
  actionpack (4.1.5) lib/action_dispatch/middleware/reloader.rb:73:in `call'
  actionpack (4.1.5) lib/action_dispatch/middleware/remote_ip.rb:76:in `call'
  better_errors (2.0.0) lib/better_errors/middleware.rb:84:in `protected_app_call'
  better_errors (2.0.0) lib/better_errors/middleware.rb:79:in `better_errors_call'
  better_errors (2.0.0) lib/better_errors/middleware.rb:57:in `call'
  actionpack (4.1.5) lib/action_dispatch/middleware/debug_exceptions.rb:17:in `call'
  actionpack (4.1.5) lib/action_dispatch/middleware/show_exceptions.rb:30:in `call'
  railties (4.1.5) lib/rails/rack/logger.rb:38:in `call_app'
  railties (4.1.5) lib/rails/rack/logger.rb:20:in `block in call'
  activesupport (4.1.5) lib/active_support/tagged_logging.rb:68:in `block in tagged'
  activesupport (4.1.5) lib/active_support/tagged_logging.rb:26:in `tagged'
  activesupport (4.1.5) lib/active_support/tagged_logging.rb:68:in `tagged'
  railties (4.1.5) lib/rails/rack/logger.rb:20:in `call'
  quiet_assets (1.0.3) lib/quiet_assets.rb:23:in `call_with_quiet_assets'
  actionpack (4.1.5) lib/action_dispatch/middleware/request_id.rb:21:in `call'
  rack (1.5.2) lib/rack/methodoverride.rb:21:in `call'
  rack (1.5.2) lib/rack/runtime.rb:17:in `call'
  activesupport (4.1.5) lib/active_support/cache/strategy/local_cache_middleware.rb:26:in `call'
  rack (1.5.2) lib/rack/lock.rb:17:in `call'
  actionpack (4.1.5) lib/action_dispatch/middleware/static.rb:64:in `call'
  rack (1.5.2) lib/rack/sendfile.rb:112:in `call'
  railties (4.1.5) lib/rails/engine.rb:514:in `call'
  railties (4.1.5) lib/rails/application.rb:144:in `call'
  rack (1.5.2) lib/rack/lock.rb:17:in `call'
  rack (1.5.2) lib/rack/content_length.rb:14:in `call'
  rack (1.5.2) lib/rack/handler/webrick.rb:60:in `service'
   () Users/epicodus/.rubies/ruby-2.1.0/lib/ruby/2.1.0/webrick/httpserver.rb:138:in `service'
   () Users/epicodus/.rubies/ruby-2.1.0/lib/ruby/2.1.0/webrick/httpserver.rb:94:in `run'
   () Users/epicodus/.rubies/ruby-2.1.0/lib/ruby/2.1.0/webrick/server.rb:295:in `block in start_thread'



Started POST "/__better_errors/4c37f0e10dbe4ba0/variables" for 127.0.0.1 at 2014-09-03 12:03:57 -0700


Started GET "/login" for 127.0.0.1 at 2014-09-03 12:04:18 -0700
Processing by SessionsController#new as HTML
  Rendered sessions/_form.html.erb (0.8ms)
  Rendered sessions/new.html.erb within layouts/application (1.1ms)
Completed 200 OK in 193ms (Views: 192.7ms | ActiveRecord: 0.0ms)


Started GET "/login" for 127.0.0.1 at 2014-09-03 12:06:15 -0700
Processing by SessionsController#new as HTML
  Rendered sessions/_form.html.erb (0.8ms)
  Rendered sessions/new.html.erb within layouts/application (1.2ms)
Completed 200 OK in 86ms (Views: 86.0ms | ActiveRecord: 0.0ms)


Started GET "/login" for 127.0.0.1 at 2014-09-03 12:06:30 -0700
Processing by SessionsController#new as HTML
  Rendered sessions/_form.html.erb (0.7ms)
  Rendered sessions/new.html.erb within layouts/application (1.1ms)
Completed 200 OK in 73ms (Views: 72.9ms | ActiveRecord: 0.0ms)


Started GET "/login" for 127.0.0.1 at 2014-09-03 12:06:39 -0700
Processing by SessionsController#new as HTML
  Rendered sessions/_form.html.erb (1.1ms)
  Rendered sessions/new.html.erb within layouts/application (1.7ms)
Completed 500 Internal Server Error in 3ms

SyntaxError - syntax error, unexpected =>
...orm_tag sessions_path, class => 'form-horizontal' do @output...
...                               ^
/Users/epicodus/Code/undertow/app/views/sessions/_form.html.erb:1: syntax error, unexpected keyword_do_block, expecting keyword_end
..., class => 'form-horizontal' do @output_buffer.safe_append='
...                               ^
/Users/epicodus/Code/undertow/app/views/sessions/_form.html.erb:13: syntax error, unexpected =>
...( submit_tag "Log In", class => 'btn btn-primary' );@output_...
...                               ^
/Users/epicodus/Code/undertow/app/views/sessions/_form.html.erb:18: syntax error, unexpected keyword_ensure, expecting end-of-input:
   () Users/epicodus/Code/undertow/app/views/sessions/_form.html.erb:1:in `'
  actionview (4.1.5) lib/action_view/template.rb:297:in `compile'
  actionview (4.1.5) lib/action_view/template.rb:245:in `block (2 levels) in compile!'
  activesupport (4.1.5) lib/active_support/notifications.rb:161:in `instrument'
  actionview (4.1.5) lib/action_view/template.rb:339:in `instrument'
  actionview (4.1.5) lib/action_view/template.rb:244:in `block in compile!'
  actionview (4.1.5) lib/action_view/template.rb:232:in `compile!'
  actionview (4.1.5) lib/action_view/template.rb:144:in `block in render'
  activesupport (4.1.5) lib/active_support/notifications.rb:161:in `instrument'
  actionview (4.1.5) lib/action_view/template.rb:339:in `instrument'
  actionview (4.1.5) lib/action_view/template.rb:143:in `render'
  actionview (4.1.5) lib/action_view/renderer/partial_renderer.rb:306:in `render_partial'
  actionview (4.1.5) lib/action_view/renderer/partial_renderer.rb:279:in `block in render'
  actionview (4.1.5) lib/action_view/renderer/abstract_renderer.rb:38:in `block in instrument'
  activesupport (4.1.5) lib/active_support/notifications.rb:159:in `block in instrument'
  activesupport (4.1.5) lib/active_support/notifications/instrumenter.rb:20:in `instrument'
  activesupport (4.1.5) lib/active_support/notifications.rb:159:in `instrument'
  actionview (4.1.5) lib/action_view/renderer/abstract_renderer.rb:38:in `instrument'
  actionview (4.1.5) lib/action_view/renderer/partial_renderer.rb:278:in `render'
  actionview (4.1.5) lib/action_view/renderer/renderer.rb:47:in `render_partial'
  actionview (4.1.5) lib/action_view/helpers/rendering_helper.rb:35:in `render'
   () Users/epicodus/Code/undertow/app/views/sessions/new.html.erb:3:in `_app_views_sessions_new_html_erb__2814774625622185276_70159545058300'
  actionview (4.1.5) lib/action_view/template.rb:145:in `block in render'
  activesupport (4.1.5) lib/active_support/notifications.rb:161:in `instrument'
  actionview (4.1.5) lib/action_view/template.rb:339:in `instrument'
  actionview (4.1.5) lib/action_view/template.rb:143:in `render'
  actionview (4.1.5) lib/action_view/renderer/template_renderer.rb:55:in `block (2 levels) in render_template'
  actionview (4.1.5) lib/action_view/renderer/abstract_renderer.rb:38:in `block in instrument'
  activesupport (4.1.5) lib/active_support/notifications.rb:159:in `block in instrument'
  activesupport (4.1.5) lib/active_support/notifications/instrumenter.rb:20:in `instrument'
  activesupport (4.1.5) lib/active_support/notifications.rb:159:in `instrument'
  actionview (4.1.5) lib/action_view/renderer/abstract_renderer.rb:38:in `instrument'
  actionview (4.1.5) lib/action_view/renderer/template_renderer.rb:54:in `block in render_template'
  actionview (4.1.5) lib/action_view/renderer/template_renderer.rb:62:in `render_with_layout'
  actionview (4.1.5) lib/action_view/renderer/template_renderer.rb:53:in `render_template'
  actionview (4.1.5) lib/action_view/renderer/template_renderer.rb:17:in `render'
  actionview (4.1.5) lib/action_view/renderer/renderer.rb:42:in `render_template'
  actionview (4.1.5) lib/action_view/renderer/renderer.rb:23:in `render'
  actionview (4.1.5) lib/action_view/rendering.rb:99:in `_render_template'
  actionpack (4.1.5) lib/action_controller/metal/streaming.rb:217:in `_render_template'
  actionview (4.1.5) lib/action_view/rendering.rb:82:in `render_to_body'
  actionpack (4.1.5) lib/action_controller/metal/rendering.rb:32:in `render_to_body'
  actionpack (4.1.5) lib/action_controller/metal/renderers.rb:32:in `render_to_body'
  actionpack (4.1.5) lib/abstract_controller/rendering.rb:25:in `render'
  actionpack (4.1.5) lib/action_controller/metal/rendering.rb:16:in `render'
  actionpack (4.1.5) lib/action_controller/metal/instrumentation.rb:41:in `block (2 levels) in render'
  activesupport (4.1.5) lib/active_support/core_ext/benchmark.rb:12:in `block in ms'
   () Users/epicodus/.rubies/ruby-2.1.0/lib/ruby/2.1.0/benchmark.rb:294:in `realtime'
  activesupport (4.1.5) lib/active_support/core_ext/benchmark.rb:12:in `ms'
  actionpack (4.1.5) lib/action_controller/metal/instrumentation.rb:41:in `block in render'
  actionpack (4.1.5) lib/action_controller/metal/instrumentation.rb:84:in `cleanup_view_runtime'
  activerecord (4.1.5) lib/active_record/railties/controller_runtime.rb:25:in `cleanup_view_runtime'
  actionpack (4.1.5) lib/action_controller/metal/instrumentation.rb:40:in `render'
  actionpack (4.1.5) lib/action_controller/metal/implicit_render.rb:10:in `default_render'
  actionpack (4.1.5) lib/action_controller/metal/implicit_render.rb:5:in `send_action'
  actionpack (4.1.5) lib/abstract_controller/base.rb:189:in `process_action'
  actionpack (4.1.5) lib/action_controller/metal/rendering.rb:10:in `process_action'
  actionpack (4.1.5) lib/abstract_controller/callbacks.rb:20:in `block in process_action'
  activesupport (4.1.5) lib/active_support/callbacks.rb:113:in `call'
  activesupport (4.1.5) lib/active_support/callbacks.rb:229:in `block in halting'
  activesupport (4.1.5) lib/active_support/callbacks.rb:229:in `block in halting'
  activesupport (4.1.5) lib/active_support/callbacks.rb:166:in `block in halting'
  activesupport (4.1.5) lib/active_support/callbacks.rb:166:in `block in halting'
  activesupport (4.1.5) lib/active_support/callbacks.rb:166:in `block in halting'
  activesupport (4.1.5) lib/active_support/callbacks.rb:86:in `run_callbacks'
  actionpack (4.1.5) lib/abstract_controller/callbacks.rb:19:in `process_action'
  actionpack (4.1.5) lib/action_controller/metal/rescue.rb:29:in `process_action'
  actionpack (4.1.5) lib/action_controller/metal/instrumentation.rb:31:in `block in process_action'
  activesupport (4.1.5) lib/active_support/notifications.rb:159:in `block in instrument'
  activesupport (4.1.5) lib/active_support/notifications/instrumenter.rb:20:in `instrument'
  activesupport (4.1.5) lib/active_support/notifications.rb:159:in `instrument'
  actionpack (4.1.5) lib/action_controller/metal/instrumentation.rb:30:in `process_action'
  actionpack (4.1.5) lib/action_controller/metal/params_wrapper.rb:250:in `process_action'
  activerecord (4.1.5) lib/active_record/railties/controller_runtime.rb:18:in `process_action'
  actionpack (4.1.5) lib/abstract_controller/base.rb:136:in `process'
  actionview (4.1.5) lib/action_view/rendering.rb:30:in `process'
  actionpack (4.1.5) lib/action_controller/metal.rb:196:in `dispatch'
  actionpack (4.1.5) lib/action_controller/metal/rack_delegation.rb:13:in `dispatch'
  actionpack (4.1.5) lib/action_controller/metal.rb:232:in `block in action'
  actionpack (4.1.5) lib/action_dispatch/routing/route_set.rb:82:in `dispatch'
  actionpack (4.1.5) lib/action_dispatch/routing/route_set.rb:50:in `call'
  actionpack (4.1.5) lib/action_dispatch/journey/router.rb:71:in `block in call'
  actionpack (4.1.5) lib/action_dispatch/journey/router.rb:59:in `call'
  actionpack (4.1.5) lib/action_dispatch/routing/route_set.rb:678:in `call'
  rack (1.5.2) lib/rack/etag.rb:23:in `call'
  rack (1.5.2) lib/rack/conditionalget.rb:25:in `call'
  rack (1.5.2) lib/rack/head.rb:11:in `call'
  actionpack (4.1.5) lib/action_dispatch/middleware/params_parser.rb:27:in `call'
  actionpack (4.1.5) lib/action_dispatch/middleware/flash.rb:254:in `call'
  rack (1.5.2) lib/rack/session/abstract/id.rb:225:in `context'
  rack (1.5.2) lib/rack/session/abstract/id.rb:220:in `call'
  actionpack (4.1.5) lib/action_dispatch/middleware/cookies.rb:560:in `call'
  activerecord (4.1.5) lib/active_record/query_cache.rb:36:in `call'
  activerecord (4.1.5) lib/active_record/connection_adapters/abstract/connection_pool.rb:621:in `call'
  activerecord (4.1.5) lib/active_record/migration.rb:380:in `call'
  actionpack (4.1.5) lib/action_dispatch/middleware/callbacks.rb:29:in `block in call'
  activesupport (4.1.5) lib/active_support/callbacks.rb:82:in `run_callbacks'
  actionpack (4.1.5) lib/action_dispatch/middleware/callbacks.rb:27:in `call'
  actionpack (4.1.5) lib/action_dispatch/middleware/reloader.rb:73:in `call'
  actionpack (4.1.5) lib/action_dispatch/middleware/remote_ip.rb:76:in `call'
  better_errors (2.0.0) lib/better_errors/middleware.rb:84:in `protected_app_call'
  better_errors (2.0.0) lib/better_errors/middleware.rb:79:in `better_errors_call'
  better_errors (2.0.0) lib/better_errors/middleware.rb:57:in `call'
  actionpack (4.1.5) lib/action_dispatch/middleware/debug_exceptions.rb:17:in `call'
  actionpack (4.1.5) lib/action_dispatch/middleware/show_exceptions.rb:30:in `call'
  railties (4.1.5) lib/rails/rack/logger.rb:38:in `call_app'
  railties (4.1.5) lib/rails/rack/logger.rb:20:in `block in call'
  activesupport (4.1.5) lib/active_support/tagged_logging.rb:68:in `block in tagged'
  activesupport (4.1.5) lib/active_support/tagged_logging.rb:26:in `tagged'
  activesupport (4.1.5) lib/active_support/tagged_logging.rb:68:in `tagged'
  railties (4.1.5) lib/rails/rack/logger.rb:20:in `call'
  quiet_assets (1.0.3) lib/quiet_assets.rb:23:in `call_with_quiet_assets'
  actionpack (4.1.5) lib/action_dispatch/middleware/request_id.rb:21:in `call'
  rack (1.5.2) lib/rack/methodoverride.rb:21:in `call'
  rack (1.5.2) lib/rack/runtime.rb:17:in `call'
  activesupport (4.1.5) lib/active_support/cache/strategy/local_cache_middleware.rb:26:in `call'
  rack (1.5.2) lib/rack/lock.rb:17:in `call'
  actionpack (4.1.5) lib/action_dispatch/middleware/static.rb:64:in `call'
  rack (1.5.2) lib/rack/sendfile.rb:112:in `call'
  railties (4.1.5) lib/rails/engine.rb:514:in `call'
  railties (4.1.5) lib/rails/application.rb:144:in `call'
  rack (1.5.2) lib/rack/lock.rb:17:in `call'
  rack (1.5.2) lib/rack/content_length.rb:14:in `call'
  rack (1.5.2) lib/rack/handler/webrick.rb:60:in `service'
   () Users/epicodus/.rubies/ruby-2.1.0/lib/ruby/2.1.0/webrick/httpserver.rb:138:in `service'
   () Users/epicodus/.rubies/ruby-2.1.0/lib/ruby/2.1.0/webrick/httpserver.rb:94:in `run'
   () Users/epicodus/.rubies/ruby-2.1.0/lib/ruby/2.1.0/webrick/server.rb:295:in `block in start_thread'



Started POST "/__better_errors/f911842632d00ff0/variables" for 127.0.0.1 at 2014-09-03 12:06:39 -0700


Started GET "/login" for 127.0.0.1 at 2014-09-03 12:06:54 -0700
Processing by SessionsController#new as HTML
  Rendered sessions/_form.html.erb (0.8ms)
  Rendered sessions/new.html.erb within layouts/application (1.1ms)
Completed 200 OK in 71ms (Views: 71.0ms | ActiveRecord: 0.0ms)


Started GET "/login" for 127.0.0.1 at 2014-09-03 12:07:28 -0700
Processing by SessionsController#new as HTML
  Rendered sessions/_form.html.erb (0.8ms)
  Rendered sessions/new.html.erb within layouts/application (1.1ms)
Completed 200 OK in 73ms (Views: 72.9ms | ActiveRecord: 0.0ms)


Started GET "/login" for 127.0.0.1 at 2014-09-03 12:07:36 -0700
Processing by SessionsController#new as HTML
  Rendered sessions/_form.html.erb (0.8ms)
  Rendered sessions/new.html.erb within layouts/application (1.2ms)
Completed 200 OK in 72ms (Views: 72.0ms | ActiveRecord: 0.0ms)


Started GET "/" for 127.0.0.1 at 2014-09-03 12:07:47 -0700
Processing by ApplicationController#index as HTML
  Rendered application/index.html.erb within layouts/application (0.3ms)
Completed 200 OK in 76ms (Views: 75.4ms | ActiveRecord: 0.0ms)


Started GET "/signup" for 127.0.0.1 at 2014-09-03 12:07:49 -0700
Processing by UsersController#new as HTML
  Rendered layouts/_errors.html.erb (10.9ms)
  Rendered layouts/_user_form.html.erb (17.7ms)
  Rendered users/new.html.erb within layouts/application (29.9ms)
Completed 200 OK in 105ms (Views: 101.4ms | ActiveRecord: 1.3ms)


Started POST "/users" for 127.0.0.1 at 2014-09-03 12:07:56 -0700
Processing by UsersController#create as HTML
  Parameters: {"utf8"=>"✓", "authenticity_token"=>"R6Z87RxiB4heXsNpuDk8n820t5P0FYju+RAH/+UOQl8=", "user"=>{"email"=>"speersjustin@fastmail.fm", "name"=>"Justin", "password"=>"[FILTERED]", "password_confirmation"=>"[FILTERED]"}, "commit"=>"Create Account"}
  [1m[35m (0.1ms)[0m  BEGIN
  [1m[36mUser Exists (0.5ms)[0m  [1mSELECT  1 AS one FROM "users"  WHERE "users"."name" = 'Justin' LIMIT 1[0m
  [1m[35mUser Exists (0.2ms)[0m  SELECT  1 AS one FROM "users"  WHERE "users"."email" = 'speersjustin@fastmail.fm' LIMIT 1
  [1m[36mSQL (0.3ms)[0m  [1mINSERT INTO "users" ("created_at", "email", "name", "password_digest", "updated_at") VALUES ($1, $2, $3, $4, $5) RETURNING "id"[0m  [["created_at", "2014-09-03 19:07:56.993326"], ["email", "speersjustin@fastmail.fm"], ["name", "Justin"], ["password_digest", "$2a$10$K.3pzE.6bSd9UqUWrGvW..SuuI8j1CYdPNc0amyHZRRvmYcogBOyy"], ["updated_at", "2014-09-03 19:07:56.993326"]]
  [1m[35m (0.4ms)[0m  COMMIT
Redirected to http://localhost:3000/users/2
Completed 302 Found in 103ms (ActiveRecord: 1.6ms)


Started GET "/users/2" for 127.0.0.1 at 2014-09-03 12:07:57 -0700
Processing by UsersController#show as HTML
  Parameters: {"id"=>"2"}
  [1m[36mUser Load (0.2ms)[0m  [1mSELECT  "users".* FROM "users"  WHERE "users"."id" = $1 LIMIT 1[0m  [["id", 2]]
  Rendered users/show.html.erb within layouts/application (0.3ms)
  [1m[35mUser Load (0.2ms)[0m  SELECT  "users".* FROM "users"  WHERE "users"."id" = $1 LIMIT 1  [["id", 2]]
Completed 200 OK in 75ms (Views: 73.6ms | ActiveRecord: 0.4ms)


Started DELETE "/sessions/current" for 127.0.0.1 at 2014-09-03 12:07:59 -0700
Processing by SessionsController#destroy as HTML
  Parameters: {"authenticity_token"=>"R6Z87RxiB4heXsNpuDk8n820t5P0FYju+RAH/+UOQl8=", "id"=>"current"}
Redirected to http://localhost:3000/
Completed 302 Found in 1ms (ActiveRecord: 0.0ms)


Started GET "/" for 127.0.0.1 at 2014-09-03 12:07:59 -0700
Processing by ApplicationController#index as HTML
  Rendered application/index.html.erb within layouts/application (0.0ms)
Completed 200 OK in 71ms (Views: 70.7ms | ActiveRecord: 0.0ms)


Started GET "/login" for 127.0.0.1 at 2014-09-03 12:08:02 -0700
Processing by SessionsController#new as HTML
  Rendered sessions/_form.html.erb (0.9ms)
  Rendered sessions/new.html.erb within layouts/application (1.7ms)
Completed 200 OK in 74ms (Views: 73.5ms | ActiveRecord: 0.0ms)


Started POST "/sessions" for 127.0.0.1 at 2014-09-03 12:08:08 -0700
Processing by SessionsController#create as HTML
  Parameters: {"utf8"=>"✓", "authenticity_token"=>"R6Z87RxiB4heXsNpuDk8n820t5P0FYju+RAH/+UOQl8=", "email"=>"speersjustin@fastmail.fm", "password"=>"[FILTERED]", "commit"=>"Log In"}
  [1m[36mUser Load (0.3ms)[0m  [1mSELECT  "users".* FROM "users"  WHERE "users"."email" = 'speersjustin@fastmail.fm' LIMIT 1[0m
  Rendered sessions/_form.html.erb (0.8ms)
  Rendered sessions/new.html.erb within layouts/application (1.1ms)
Completed 200 OK in 134ms (Views: 70.8ms | ActiveRecord: 0.3ms)


Started POST "/sessions" for 127.0.0.1 at 2014-09-03 12:08:12 -0700
Processing by SessionsController#create as HTML
  Parameters: {"utf8"=>"✓", "authenticity_token"=>"R6Z87RxiB4heXsNpuDk8n820t5P0FYju+RAH/+UOQl8=", "email"=>"speersjustin@fastmail.fm", "password"=>"[FILTERED]", "commit"=>"Log In"}
  [1m[35mUser Load (0.3ms)[0m  SELECT  "users".* FROM "users"  WHERE "users"."email" = 'speersjustin@fastmail.fm' LIMIT 1
Redirected to http://localhost:3000/
Completed 302 Found in 60ms (ActiveRecord: 0.3ms)


Started GET "/" for 127.0.0.1 at 2014-09-03 12:08:12 -0700
Processing by ApplicationController#index as HTML
  Rendered application/index.html.erb within layouts/application (0.0ms)
  [1m[36mUser Load (0.2ms)[0m  [1mSELECT  "users".* FROM "users"  WHERE "users"."id" = $1 LIMIT 1[0m  [["id", 2]]
Completed 200 OK in 57ms (Views: 56.3ms | ActiveRecord: 0.2ms)


Started GET "/users/new" for 127.0.0.1 at 2014-09-03 12:08:24 -0700
Processing by UsersController#new as HTML
  Rendered layouts/_errors.html.erb (0.3ms)
  Rendered layouts/_user_form.html.erb (1.7ms)
  Rendered users/new.html.erb within layouts/application (3.0ms)
  [1m[35mUser Load (0.3ms)[0m  SELECT  "users".* FROM "users"  WHERE "users"."id" = $1 LIMIT 1  [["id", 2]]
Completed 200 OK in 89ms (Views: 88.1ms | ActiveRecord: 0.3ms)


Started GET "/users/2" for 127.0.0.1 at 2014-09-03 12:08:26 -0700
Processing by UsersController#show as HTML
  Parameters: {"id"=>"2"}
  [1m[36mUser Load (0.3ms)[0m  [1mSELECT  "users".* FROM "users"  WHERE "users"."id" = $1 LIMIT 1[0m  [["id", 2]]
  Rendered users/show.html.erb within layouts/application (0.0ms)
  [1m[35mUser Load (0.2ms)[0m  SELECT  "users".* FROM "users"  WHERE "users"."id" = $1 LIMIT 1  [["id", 2]]
Completed 200 OK in 58ms (Views: 56.4ms | ActiveRecord: 0.5ms)


Started GET "/users/2" for 127.0.0.1 at 2014-09-03 12:08:30 -0700
Processing by UsersController#show as HTML
  Parameters: {"id"=>"2"}
  [1m[36mUser Load (0.2ms)[0m  [1mSELECT  "users".* FROM "users"  WHERE "users"."id" = $1 LIMIT 1[0m  [["id", 2]]
  Rendered users/show.html.erb within layouts/application (0.0ms)
  [1m[35mUser Load (0.2ms)[0m  SELECT  "users".* FROM "users"  WHERE "users"."id" = $1 LIMIT 1  [["id", 2]]
Completed 200 OK in 78ms (Views: 76.9ms | ActiveRecord: 0.3ms)


Started GET "/" for 127.0.0.1 at 2014-09-03 12:09:03 -0700
Processing by ApplicationController#index as HTML
  Rendered application/index.html.erb within layouts/application (0.0ms)
  [1m[36mUser Load (0.2ms)[0m  [1mSELECT  "users".* FROM "users"  WHERE "users"."id" = $1 LIMIT 1[0m  [["id", 2]]
Completed 200 OK in 63ms (Views: 62.0ms | ActiveRecord: 0.2ms)


Started GET "/" for 127.0.0.1 at 2014-09-03 12:12:15 -0700
Processing by ApplicationController#index as HTML
  Rendered application/index.html.erb within layouts/application (0.0ms)
  [1m[35mUser Load (0.1ms)[0m  SELECT  "users".* FROM "users"  WHERE "users"."id" = $1 LIMIT 1  [["id", 2]]
Completed 200 OK in 80ms (Views: 78.1ms | ActiveRecord: 1.3ms)


Started GET "/users/2" for 127.0.0.1 at 2014-09-03 12:12:17 -0700
Processing by UsersController#show as HTML
  Parameters: {"id"=>"2"}
  [1m[36mUser Load (0.2ms)[0m  [1mSELECT  "users".* FROM "users"  WHERE "users"."id" = $1 LIMIT 1[0m  [["id", 2]]
  Rendered users/show.html.erb within layouts/application (0.3ms)
  [1m[35mUser Load (0.2ms)[0m  SELECT  "users".* FROM "users"  WHERE "users"."id" = $1 LIMIT 1  [["id", 2]]
Completed 200 OK in 63ms (Views: 61.4ms | ActiveRecord: 0.4ms)


Started GET "/users/2" for 127.0.0.1 at 2014-09-03 12:15:18 -0700
Processing by UsersController#show as HTML
  Parameters: {"id"=>"2"}
  [1m[36mUser Load (0.2ms)[0m  [1mSELECT  "users".* FROM "users"  WHERE "users"."id" = $1 LIMIT 1[0m  [["id", 2]]
  [1m[35mUser Load (0.1ms)[0m  SELECT  "users".* FROM "users"  WHERE "users"."id" = $1 LIMIT 1  [["id", 2]]
  Rendered users/show.html.erb within layouts/application (0.8ms)
Completed 200 OK in 59ms (Views: 58.4ms | ActiveRecord: 0.2ms)


Started GET "/users/2/edit" for 127.0.0.1 at 2014-09-03 12:15:19 -0700
Processing by UsersController#edit as HTML
  Parameters: {"id"=>"2"}
  [1m[36mUser Load (0.1ms)[0m  [1mSELECT  "users".* FROM "users"  WHERE "users"."id" = $1 LIMIT 1[0m  [["id", 2]]
  Rendered layouts/_errors.html.erb (0.0ms)
  Rendered layouts/_user_form.html.erb (1.6ms)
  Rendered users/edit.html.erb within layouts/application (2.9ms)
Completed 200 OK in 68ms (Views: 67.0ms | ActiveRecord: 0.1ms)


Started PATCH "/users/2" for 127.0.0.1 at 2014-09-03 12:15:24 -0700

AbstractController::ActionNotFound - The action 'update' could not be found for UsersController:
  actionpack (4.1.5) lib/abstract_controller/base.rb:131:in `process'
  actionview (4.1.5) lib/action_view/rendering.rb:30:in `process'
  actionpack (4.1.5) lib/action_controller/metal.rb:196:in `dispatch'
  actionpack (4.1.5) lib/action_controller/metal/rack_delegation.rb:13:in `dispatch'
  actionpack (4.1.5) lib/action_controller/metal.rb:232:in `block in action'
  actionpack (4.1.5) lib/action_dispatch/routing/route_set.rb:82:in `dispatch'
  actionpack (4.1.5) lib/action_dispatch/routing/route_set.rb:50:in `call'
  actionpack (4.1.5) lib/action_dispatch/journey/router.rb:71:in `block in call'
  actionpack (4.1.5) lib/action_dispatch/journey/router.rb:59:in `call'
  actionpack (4.1.5) lib/action_dispatch/routing/route_set.rb:678:in `call'
  rack (1.5.2) lib/rack/etag.rb:23:in `call'
  rack (1.5.2) lib/rack/conditionalget.rb:35:in `call'
  rack (1.5.2) lib/rack/head.rb:11:in `call'
  actionpack (4.1.5) lib/action_dispatch/middleware/params_parser.rb:27:in `call'
  actionpack (4.1.5) lib/action_dispatch/middleware/flash.rb:254:in `call'
  rack (1.5.2) lib/rack/session/abstract/id.rb:225:in `context'
  rack (1.5.2) lib/rack/session/abstract/id.rb:220:in `call'
  actionpack (4.1.5) lib/action_dispatch/middleware/cookies.rb:560:in `call'
  activerecord (4.1.5) lib/active_record/query_cache.rb:36:in `call'
  activerecord (4.1.5) lib/active_record/connection_adapters/abstract/connection_pool.rb:621:in `call'
  activerecord (4.1.5) lib/active_record/migration.rb:380:in `call'
  actionpack (4.1.5) lib/action_dispatch/middleware/callbacks.rb:29:in `block in call'
  activesupport (4.1.5) lib/active_support/callbacks.rb:82:in `run_callbacks'
  actionpack (4.1.5) lib/action_dispatch/middleware/callbacks.rb:27:in `call'
  actionpack (4.1.5) lib/action_dispatch/middleware/reloader.rb:73:in `call'
  actionpack (4.1.5) lib/action_dispatch/middleware/remote_ip.rb:76:in `call'
  better_errors (2.0.0) lib/better_errors/middleware.rb:84:in `protected_app_call'
  better_errors (2.0.0) lib/better_errors/middleware.rb:79:in `better_errors_call'
  better_errors (2.0.0) lib/better_errors/middleware.rb:57:in `call'
  actionpack (4.1.5) lib/action_dispatch/middleware/debug_exceptions.rb:17:in `call'
  actionpack (4.1.5) lib/action_dispatch/middleware/show_exceptions.rb:30:in `call'
  railties (4.1.5) lib/rails/rack/logger.rb:38:in `call_app'
  railties (4.1.5) lib/rails/rack/logger.rb:20:in `block in call'
  activesupport (4.1.5) lib/active_support/tagged_logging.rb:68:in `block in tagged'
  activesupport (4.1.5) lib/active_support/tagged_logging.rb:26:in `tagged'
  activesupport (4.1.5) lib/active_support/tagged_logging.rb:68:in `tagged'
  railties (4.1.5) lib/rails/rack/logger.rb:20:in `call'
  quiet_assets (1.0.3) lib/quiet_assets.rb:23:in `call_with_quiet_assets'
  actionpack (4.1.5) lib/action_dispatch/middleware/request_id.rb:21:in `call'
  rack (1.5.2) lib/rack/methodoverride.rb:21:in `call'
  rack (1.5.2) lib/rack/runtime.rb:17:in `call'
  activesupport (4.1.5) lib/active_support/cache/strategy/local_cache_middleware.rb:26:in `call'
  rack (1.5.2) lib/rack/lock.rb:17:in `call'
  actionpack (4.1.5) lib/action_dispatch/middleware/static.rb:64:in `call'
  rack (1.5.2) lib/rack/sendfile.rb:112:in `call'
  railties (4.1.5) lib/rails/engine.rb:514:in `call'
  railties (4.1.5) lib/rails/application.rb:144:in `call'
  rack (1.5.2) lib/rack/lock.rb:17:in `call'
  rack (1.5.2) lib/rack/content_length.rb:14:in `call'
  rack (1.5.2) lib/rack/handler/webrick.rb:60:in `service'
   () Users/epicodus/.rubies/ruby-2.1.0/lib/ruby/2.1.0/webrick/httpserver.rb:138:in `service'
   () Users/epicodus/.rubies/ruby-2.1.0/lib/ruby/2.1.0/webrick/httpserver.rb:94:in `run'
   () Users/epicodus/.rubies/ruby-2.1.0/lib/ruby/2.1.0/webrick/server.rb:295:in `block in start_thread'



Started POST "/__better_errors/97508e31b267596d/variables" for 127.0.0.1 at 2014-09-03 12:15:24 -0700


Started POST "/__better_errors/97508e31b267596d/eval" for 127.0.0.1 at 2014-09-03 12:15:29 -0700


Started GET "/" for 127.0.0.1 at 2014-09-03 12:15:34 -0700
Processing by ApplicationController#index as HTML
  Rendered application/index.html.erb within layouts/application (0.0ms)
  [1m[35mUser Load (0.2ms)[0m  SELECT  "users".* FROM "users"  WHERE "users"."id" = $1 LIMIT 1  [["id", 2]]
Completed 200 OK in 55ms (Views: 54.2ms | ActiveRecord: 0.2ms)


Started GET "/users/2" for 127.0.0.1 at 2014-09-03 12:15:36 -0700
Processing by UsersController#show as HTML
  Parameters: {"id"=>"2"}
  [1m[36mUser Load (0.2ms)[0m  [1mSELECT  "users".* FROM "users"  WHERE "users"."id" = $1 LIMIT 1[0m  [["id", 2]]
  [1m[35mUser Load (0.1ms)[0m  SELECT  "users".* FROM "users"  WHERE "users"."id" = $1 LIMIT 1  [["id", 2]]
  Rendered users/show.html.erb within layouts/application (0.9ms)
Completed 200 OK in 68ms (Views: 66.7ms | ActiveRecord: 0.3ms)


Started GET "/users/1" for 127.0.0.1 at 2014-09-03 12:15:39 -0700
Processing by UsersController#show as HTML
  Parameters: {"id"=>"1"}
  [1m[36mUser Load (0.2ms)[0m  [1mSELECT  "users".* FROM "users"  WHERE "users"."id" = $1 LIMIT 1[0m  [["id", 1]]
  [1m[35mUser Load (0.2ms)[0m  SELECT  "users".* FROM "users"  WHERE "users"."id" = $1 LIMIT 1  [["id", 2]]
  Rendered users/show.html.erb within layouts/application (0.9ms)
Completed 200 OK in 58ms (Views: 57.2ms | ActiveRecord: 0.4ms)


Started GET "/users/2" for 127.0.0.1 at 2014-09-03 12:15:52 -0700
Processing by UsersController#show as HTML
  Parameters: {"id"=>"2"}
  [1m[36mUser Load (0.2ms)[0m  [1mSELECT  "users".* FROM "users"  WHERE "users"."id" = $1 LIMIT 1[0m  [["id", 2]]
  [1m[35mUser Load (0.2ms)[0m  SELECT  "users".* FROM "users"  WHERE "users"."id" = $1 LIMIT 1  [["id", 2]]
  Rendered users/show.html.erb within layouts/application (0.9ms)
Completed 200 OK in 77ms (Views: 76.3ms | ActiveRecord: 0.3ms)


Started GET "/users/2/edit" for 127.0.0.1 at 2014-09-03 12:15:55 -0700
Processing by UsersController#edit as HTML
  Parameters: {"id"=>"2"}
  [1m[36mUser Load (0.1ms)[0m  [1mSELECT  "users".* FROM "users"  WHERE "users"."id" = $1 LIMIT 1[0m  [["id", 2]]
  Rendered layouts/_errors.html.erb (0.0ms)
  Rendered layouts/_user_form.html.erb (1.4ms)
  Rendered users/edit.html.erb within layouts/application (2.3ms)
Completed 200 OK in 62ms (Views: 60.9ms | ActiveRecord: 0.1ms)


Started GET "/" for 127.0.0.1 at 2014-09-03 13:36:11 -0700
Processing by ApplicationController#index as HTML
  Rendered application/index.html.erb within layouts/application (0.0ms)
  [1m[35mUser Load (0.1ms)[0m  SELECT  "users".* FROM "users"  WHERE "users"."id" = $1 LIMIT 1  [["id", 1]]
Completed 200 OK in 87ms (Views: 85.4ms | ActiveRecord: 1.2ms)


Started GET "/users/new" for 127.0.0.1 at 2014-09-03 13:36:19 -0700
Processing by UsersController#new as HTML
  Rendered layouts/_errors.html.erb (0.1ms)
  Rendered layouts/_user_form.html.erb (1.8ms)
  Rendered users/new.html.erb within layouts/application (11.0ms)
  [1m[36mUser Load (0.2ms)[0m  [1mSELECT  "users".* FROM "users"  WHERE "users"."id" = $1 LIMIT 1[0m  [["id", 1]]
Completed 200 OK in 73ms (Views: 72.2ms | ActiveRecord: 0.1ms)


Started GET "/users/1" for 127.0.0.1 at 2014-09-03 13:36:20 -0700
Processing by UsersController#show as HTML
  Parameters: {"id"=>"1"}
  [1m[35mUser Load (0.2ms)[0m  SELECT  "users".* FROM "users"  WHERE "users"."id" = $1 LIMIT 1  [["id", 1]]
  [1m[36mUser Load (0.2ms)[0m  [1mSELECT  "users".* FROM "users"  WHERE "users"."id" = $1 LIMIT 1[0m  [["id", 1]]
  Rendered users/show.html.erb within layouts/application (0.8ms)
Completed 200 OK in 72ms (Views: 71.2ms | ActiveRecord: 0.3ms)


Started GET "/users/2" for 127.0.0.1 at 2014-09-03 13:36:23 -0700
Processing by UsersController#show as HTML
  Parameters: {"id"=>"2"}
  [1m[35mUser Load (0.2ms)[0m  SELECT  "users".* FROM "users"  WHERE "users"."id" = $1 LIMIT 1  [["id", 2]]
  [1m[36mUser Load (0.2ms)[0m  [1mSELECT  "users".* FROM "users"  WHERE "users"."id" = $1 LIMIT 1[0m  [["id", 1]]
  Rendered users/show.html.erb within layouts/application (0.7ms)
Completed 200 OK in 65ms (Views: 63.3ms | ActiveRecord: 0.4ms)


Started GET "/users/2" for 127.0.0.1 at 2014-09-03 13:38:03 -0700
Processing by UsersController#show as HTML
  Parameters: {"id"=>"2"}
  [1m[35mUser Load (0.1ms)[0m  SELECT  "users".* FROM "users"  WHERE "users"."id" = $1 LIMIT 1  [["id", 2]]
  [1m[36mUser Load (0.1ms)[0m  [1mSELECT  "users".* FROM "users"  WHERE "users"."id" = $1 LIMIT 1[0m  [["id", 1]]
  Rendered users/show.html.erb within layouts/application (0.5ms)
Completed 200 OK in 69ms (Views: 64.0ms | ActiveRecord: 1.2ms)


Started DELETE "/sessions/current" for 127.0.0.1 at 2014-09-03 13:38:06 -0700
Processing by SessionsController#destroy as HTML
  Parameters: {"authenticity_token"=>"M+n+yfR7BIUNO7z/a3ccEFvaIyHKMlZ7vv95M+Hap9g=", "id"=>"current"}
Redirected to http://localhost:3000/
Completed 302 Found in 1ms (ActiveRecord: 0.0ms)


Started GET "/" for 127.0.0.1 at 2014-09-03 13:38:06 -0700
Processing by ApplicationController#index as HTML
  Rendered application/index.html.erb within layouts/application (0.0ms)
Completed 200 OK in 60ms (Views: 60.0ms | ActiveRecord: 0.0ms)


Started GET "/users/2" for 127.0.0.1 at 2014-09-03 13:38:10 -0700
Processing by UsersController#show as HTML
  Parameters: {"id"=>"2"}
  [1m[35mUser Load (0.2ms)[0m  SELECT  "users".* FROM "users"  WHERE "users"."id" = $1 LIMIT 1  [["id", 2]]
  Rendered users/show.html.erb within layouts/application (0.1ms)
Completed 200 OK in 65ms (Views: 63.5ms | ActiveRecord: 0.2ms)


Started GET "/users/1" for 127.0.0.1 at 2014-09-03 13:38:16 -0700
Processing by UsersController#show as HTML
  Parameters: {"id"=>"1"}
  [1m[36mUser Load (0.2ms)[0m  [1mSELECT  "users".* FROM "users"  WHERE "users"."id" = $1 LIMIT 1[0m  [["id", 1]]
  Rendered users/show.html.erb within layouts/application (0.1ms)
Completed 200 OK in 61ms (Views: 59.2ms | ActiveRecord: 0.2ms)


Started GET "/login" for 127.0.0.1 at 2014-09-03 13:38:20 -0700
Processing by SessionsController#new as HTML
  Rendered sessions/_form.html.erb (0.4ms)
  Rendered sessions/new.html.erb within layouts/application (0.9ms)
Completed 200 OK in 64ms (Views: 63.9ms | ActiveRecord: 0.0ms)


Started POST "/sessions" for 127.0.0.1 at 2014-09-03 13:38:26 -0700
Processing by SessionsController#create as HTML
  Parameters: {"utf8"=>"✓", "authenticity_token"=>"M+n+yfR7BIUNO7z/a3ccEFvaIyHKMlZ7vv95M+Hap9g=", "email"=>"speersjustin@fastmail.fm", "password"=>"[FILTERED]", "commit"=>"Log In"}
  [1m[35mUser Load (0.4ms)[0m  SELECT  "users".* FROM "users"  WHERE "users"."email" = 'speersjustin@fastmail.fm' LIMIT 1
Redirected to http://localhost:3000/
Completed 302 Found in 60ms (ActiveRecord: 0.3ms)


Started GET "/" for 127.0.0.1 at 2014-09-03 13:38:26 -0700
Processing by ApplicationController#index as HTML
  Rendered application/index.html.erb within layouts/application (0.0ms)
  [1m[36mUser Load (0.2ms)[0m  [1mSELECT  "users".* FROM "users"  WHERE "users"."id" = $1 LIMIT 1[0m  [["id", 2]]
Completed 200 OK in 63ms (Views: 62.8ms | ActiveRecord: 0.2ms)


Started GET "/users/2" for 127.0.0.1 at 2014-09-03 13:38:29 -0700
Processing by UsersController#show as HTML
  Parameters: {"id"=>"2"}
  [1m[35mUser Load (0.1ms)[0m  SELECT  "users".* FROM "users"  WHERE "users"."id" = $1 LIMIT 1  [["id", 2]]
  [1m[36mUser Load (0.1ms)[0m  [1mSELECT  "users".* FROM "users"  WHERE "users"."id" = $1 LIMIT 1[0m  [["id", 2]]
  Rendered users/show.html.erb within layouts/application (0.5ms)
Completed 200 OK in 70ms (Views: 68.8ms | ActiveRecord: 0.2ms)


Started GET "/users/2/edit" for 127.0.0.1 at 2014-09-03 13:38:46 -0700
Processing by UsersController#edit as HTML
  Parameters: {"id"=>"2"}
  [1m[35mUser Load (0.1ms)[0m  SELECT  "users".* FROM "users"  WHERE "users"."id" = $1 LIMIT 1  [["id", 2]]
  Rendered layouts/_errors.html.erb (0.0ms)
  Rendered layouts/_user_form.html.erb (1.6ms)
  Rendered users/edit.html.erb within layouts/application (2.5ms)
Completed 200 OK in 74ms (Views: 69.0ms | ActiveRecord: 1.1ms)


Started GET "/users/1/edit" for 127.0.0.1 at 2014-09-03 13:38:50 -0700
Processing by UsersController#edit as HTML
  Parameters: {"id"=>"1"}
  [1m[36mUser Load (0.2ms)[0m  [1mSELECT  "users".* FROM "users"  WHERE "users"."id" = $1 LIMIT 1[0m  [["id", 2]]
  Rendered layouts/_errors.html.erb (0.0ms)
  Rendered layouts/_user_form.html.erb (1.3ms)
  Rendered users/edit.html.erb within layouts/application (2.4ms)
Completed 200 OK in 72ms (Views: 70.8ms | ActiveRecord: 0.2ms)


Started GET "/users/2/edit" for 127.0.0.1 at 2014-09-03 13:38:56 -0700
Processing by UsersController#edit as HTML
  Parameters: {"id"=>"2"}
  [1m[35mUser Load (0.2ms)[0m  SELECT  "users".* FROM "users"  WHERE "users"."id" = $1 LIMIT 1  [["id", 2]]
  Rendered layouts/_errors.html.erb (0.0ms)
  Rendered layouts/_user_form.html.erb (2.1ms)
  Rendered users/edit.html.erb within layouts/application (2.9ms)
Completed 200 OK in 67ms (Views: 65.8ms | ActiveRecord: 0.2ms)


Started GET "/users/3/edit" for 127.0.0.1 at 2014-09-03 13:39:01 -0700
Processing by UsersController#edit as HTML
  Parameters: {"id"=>"3"}
  [1m[36mUser Load (0.2ms)[0m  [1mSELECT  "users".* FROM "users"  WHERE "users"."id" = $1 LIMIT 1[0m  [["id", 2]]
  Rendered layouts/_errors.html.erb (0.0ms)
  Rendered layouts/_user_form.html.erb (1.3ms)
  Rendered users/edit.html.erb within layouts/application (2.2ms)
Completed 200 OK in 70ms (Views: 68.5ms | ActiveRecord: 0.2ms)


Started GET "/users/1/edit" for 127.0.0.1 at 2014-09-03 13:39:16 -0700
Processing by UsersController#edit as HTML
  Parameters: {"id"=>"1"}
  [1m[35mUser Load (0.2ms)[0m  SELECT  "users".* FROM "users"  WHERE "users"."id" = $1 LIMIT 1  [["id", 2]]
  Rendered layouts/_errors.html.erb (0.0ms)
  Rendered layouts/_user_form.html.erb (1.5ms)
  Rendered users/edit.html.erb within layouts/application (2.2ms)
Completed 200 OK in 68ms (Views: 67.1ms | ActiveRecord: 0.2ms)


Started GET "/users/1/edit" for 127.0.0.1 at 2014-09-03 13:39:22 -0700
Processing by UsersController#edit as HTML
  Parameters: {"id"=>"1"}
  [1m[36mUser Load (0.1ms)[0m  [1mSELECT  "users".* FROM "users"  WHERE "users"."id" = $1 LIMIT 1[0m  [["id", 2]]
  Rendered layouts/_errors.html.erb (0.0ms)
  Rendered layouts/_user_form.html.erb (1.3ms)
  Rendered users/edit.html.erb within layouts/application (2.0ms)
Completed 200 OK in 70ms (Views: 69.0ms | ActiveRecord: 0.1ms)


Started DELETE "/sessions/current" for 127.0.0.1 at 2014-09-03 13:39:25 -0700
Processing by SessionsController#destroy as HTML
  Parameters: {"authenticity_token"=>"M+n+yfR7BIUNO7z/a3ccEFvaIyHKMlZ7vv95M+Hap9g=", "id"=>"current"}
Redirected to http://localhost:3000/
Completed 302 Found in 1ms (ActiveRecord: 0.0ms)


Started GET "/" for 127.0.0.1 at 2014-09-03 13:39:25 -0700
Processing by ApplicationController#index as HTML
  Rendered application/index.html.erb within layouts/application (0.0ms)
Completed 200 OK in 64ms (Views: 63.9ms | ActiveRecord: 0.0ms)


Started GET "/signup" for 127.0.0.1 at 2014-09-03 13:39:28 -0700
Processing by UsersController#new as HTML
  Rendered layouts/_errors.html.erb (0.0ms)
  Rendered layouts/_user_form.html.erb (1.3ms)
  Rendered users/new.html.erb within layouts/application (2.1ms)
Completed 200 OK in 71ms (Views: 71.0ms | ActiveRecord: 0.0ms)


Started POST "/users" for 127.0.0.1 at 2014-09-03 13:39:36 -0700
Processing by UsersController#create as HTML
  Parameters: {"utf8"=>"✓", "authenticity_token"=>"M+n+yfR7BIUNO7z/a3ccEFvaIyHKMlZ7vv95M+Hap9g=", "user"=>{"email"=>"test@test.com", "name"=>"test", "password"=>"[FILTERED]", "password_confirmation"=>"[FILTERED]"}, "commit"=>"Create Account"}
  [1m[35m (0.1ms)[0m  BEGIN
  [1m[36mUser Exists (0.2ms)[0m  [1mSELECT  1 AS one FROM "users"  WHERE "users"."name" = 'test' LIMIT 1[0m
  [1m[35mUser Exists (0.1ms)[0m  SELECT  1 AS one FROM "users"  WHERE "users"."email" = 'test@test.com' LIMIT 1
  [1m[36mSQL (0.1ms)[0m  [1mINSERT INTO "users" ("created_at", "email", "name", "password_digest", "updated_at") VALUES ($1, $2, $3, $4, $5) RETURNING "id"[0m  [["created_at", "2014-09-03 20:39:36.354567"], ["email", "test@test.com"], ["name", "test"], ["password_digest", "$2a$10$9BkxXMPP5wCE8VViGS6Di.55BnekiTI0N3yiagV1O9yc.UCoaSPGy"], ["updated_at", "2014-09-03 20:39:36.354567"]]
  [1m[35m (0.4ms)[0m  COMMIT
Redirected to http://localhost:3000/users/3
Completed 302 Found in 65ms (ActiveRecord: 1.0ms)


Started GET "/users/3" for 127.0.0.1 at 2014-09-03 13:39:36 -0700
Processing by UsersController#show as HTML
  Parameters: {"id"=>"3"}
  [1m[36mUser Load (0.1ms)[0m  [1mSELECT  "users".* FROM "users"  WHERE "users"."id" = $1 LIMIT 1[0m  [["id", 3]]
  [1m[35mUser Load (0.1ms)[0m  SELECT  "users".* FROM "users"  WHERE "users"."id" = $1 LIMIT 1  [["id", 3]]
  Rendered users/show.html.erb within layouts/application (0.5ms)
Completed 200 OK in 66ms (Views: 64.9ms | ActiveRecord: 0.2ms)


Started GET "/" for 127.0.0.1 at 2014-09-03 13:39:41 -0700
Processing by ApplicationController#index as HTML
  Rendered application/index.html.erb within layouts/application (0.0ms)
  [1m[36mUser Load (0.2ms)[0m  [1mSELECT  "users".* FROM "users"  WHERE "users"."id" = $1 LIMIT 1[0m  [["id", 3]]
Completed 200 OK in 70ms (Views: 69.5ms | ActiveRecord: 0.2ms)


Started GET "/10000/edit" for 127.0.0.1 at 2014-09-03 13:39:46 -0700

ActionController::RoutingError (No route matches [GET] "/10000/edit"):
  actionpack (4.1.5) lib/action_dispatch/middleware/debug_exceptions.rb:21:in `call'
  actionpack (4.1.5) lib/action_dispatch/middleware/show_exceptions.rb:30:in `call'
  railties (4.1.5) lib/rails/rack/logger.rb:38:in `call_app'
  railties (4.1.5) lib/rails/rack/logger.rb:20:in `block in call'
  activesupport (4.1.5) lib/active_support/tagged_logging.rb:68:in `block in tagged'
  activesupport (4.1.5) lib/active_support/tagged_logging.rb:26:in `tagged'
  activesupport (4.1.5) lib/active_support/tagged_logging.rb:68:in `tagged'
  railties (4.1.5) lib/rails/rack/logger.rb:20:in `call'
  quiet_assets (1.0.3) lib/quiet_assets.rb:23:in `call_with_quiet_assets'
  actionpack (4.1.5) lib/action_dispatch/middleware/request_id.rb:21:in `call'
  rack (1.5.2) lib/rack/methodoverride.rb:21:in `call'
  rack (1.5.2) lib/rack/runtime.rb:17:in `call'
  activesupport (4.1.5) lib/active_support/cache/strategy/local_cache_middleware.rb:26:in `call'
  rack (1.5.2) lib/rack/lock.rb:17:in `call'
  actionpack (4.1.5) lib/action_dispatch/middleware/static.rb:64:in `call'
  rack (1.5.2) lib/rack/sendfile.rb:112:in `call'
  railties (4.1.5) lib/rails/engine.rb:514:in `call'
  railties (4.1.5) lib/rails/application.rb:144:in `call'
  rack (1.5.2) lib/rack/lock.rb:17:in `call'
  rack (1.5.2) lib/rack/content_length.rb:14:in `call'
  rack (1.5.2) lib/rack/handler/webrick.rb:60:in `service'
  /Users/epicodus/.rubies/ruby-2.1.0/lib/ruby/2.1.0/webrick/httpserver.rb:138:in `service'
  /Users/epicodus/.rubies/ruby-2.1.0/lib/ruby/2.1.0/webrick/httpserver.rb:94:in `run'
  /Users/epicodus/.rubies/ruby-2.1.0/lib/ruby/2.1.0/webrick/server.rb:295:in `block in start_thread'


  Rendered /Users/epicodus/.gem/ruby/2.1.0/gems/actionpack-4.1.5/lib/action_dispatch/middleware/templates/rescues/_trace.html.erb (0.9ms)
  Rendered /Users/epicodus/.gem/ruby/2.1.0/gems/actionpack-4.1.5/lib/action_dispatch/middleware/templates/routes/_route.html.erb (1.1ms)
  Rendered /Users/epicodus/.gem/ruby/2.1.0/gems/actionpack-4.1.5/lib/action_dispatch/middleware/templates/routes/_table.html.erb (1.3ms)
  Rendered /Users/epicodus/.gem/ruby/2.1.0/gems/actionpack-4.1.5/lib/action_dispatch/middleware/templates/rescues/routing_error.html.erb within rescues/layout (22.2ms)


Started GET "/users/1000/edit" for 127.0.0.1 at 2014-09-03 13:40:01 -0700
Processing by UsersController#edit as HTML
  Parameters: {"id"=>"1000"}
  [1m[35mUser Load (0.4ms)[0m  SELECT  "users".* FROM "users"  WHERE "users"."id" = $1 LIMIT 1  [["id", 3]]
  Rendered layouts/_errors.html.erb (0.0ms)
  Rendered layouts/_user_form.html.erb (1.7ms)
  Rendered users/edit.html.erb within layouts/application (2.8ms)
Completed 200 OK in 69ms (Views: 67.7ms | ActiveRecord: 0.4ms)


Started GET "/" for 127.0.0.1 at 2014-09-03 13:40:44 -0700
Processing by ApplicationController#index as HTML
  Rendered application/index.html.erb within layouts/application (0.0ms)
  [1m[36mUser Load (0.2ms)[0m  [1mSELECT  "users".* FROM "users"  WHERE "users"."id" = $1 LIMIT 1[0m  [["id", 3]]
Completed 200 OK in 69ms (Views: 68.4ms | ActiveRecord: 0.2ms)


Started DELETE "/sessions/current" for 127.0.0.1 at 2014-09-03 13:40:46 -0700
Processing by SessionsController#destroy as HTML
  Parameters: {"authenticity_token"=>"M+n+yfR7BIUNO7z/a3ccEFvaIyHKMlZ7vv95M+Hap9g=", "id"=>"current"}
Redirected to http://localhost:3000/
Completed 302 Found in 1ms (ActiveRecord: 0.0ms)


Started GET "/" for 127.0.0.1 at 2014-09-03 13:40:46 -0700
Processing by ApplicationController#index as HTML
  Rendered application/index.html.erb within layouts/application (0.0ms)
Completed 200 OK in 69ms (Views: 68.3ms | ActiveRecord: 0.0ms)


Started GET "/users/1/edit" for 127.0.0.1 at 2014-09-03 13:40:52 -0700
Processing by UsersController#edit as HTML
  Parameters: {"id"=>"1"}
Redirected to http://localhost:3000/login
Filter chain halted as :authorize rendered or redirected
Completed 302 Found in 1ms (ActiveRecord: 0.0ms)


Started GET "/login" for 127.0.0.1 at 2014-09-03 13:40:52 -0700
Processing by SessionsController#new as HTML
  Rendered sessions/_form.html.erb (0.5ms)
  Rendered sessions/new.html.erb within layouts/application (0.9ms)
Completed 200 OK in 66ms (Views: 65.2ms | ActiveRecord: 0.0ms)
